Using pre-set license
Built from '2021.3/staging' branch; Version is '2021.3.11f1 (0a5ca18544bf) revision 679073'; Using compiler version '192829333'; Build Type 'Release'
OS: 'Windows 11  (10.0.22621) 64bit Education' Language: 'ko' Physical Memory: 10178 MB
BatchMode: 1, IsHumanControllingUs: 0, StartBugReporterOnCrash: 0, Is64bit: 1, IsPro: 1

COMMAND LINE ARGUMENTS:
C:\Program Files\Unity\Hub\Editor\2021.3.11f1\Editor\Unity.exe
-adb2
-batchMode
-noUpm
-name
AssetImportWorker3
-projectPath
C:/GS/UnityStudy/Lightless_Path/Lightless_Path
-logFile
Logs/AssetImportWorker3.log
-srvPort
51757
Successfully changed project path to: C:/GS/UnityStudy/Lightless_Path/Lightless_Path
C:/GS/UnityStudy/Lightless_Path/Lightless_Path
[UnityMemory] Configuration Parameters - Can be set up in boot.config
    "memorysetup-bucket-allocator-granularity=16"
    "memorysetup-bucket-allocator-bucket-count=8"
    "memorysetup-bucket-allocator-block-size=33554432"
    "memorysetup-bucket-allocator-block-count=8"
    "memorysetup-main-allocator-block-size=16777216"
    "memorysetup-thread-allocator-block-size=16777216"
    "memorysetup-gfx-main-allocator-block-size=16777216"
    "memorysetup-gfx-thread-allocator-block-size=16777216"
    "memorysetup-cache-allocator-block-size=4194304"
    "memorysetup-typetree-allocator-block-size=2097152"
    "memorysetup-profiler-bucket-allocator-granularity=16"
    "memorysetup-profiler-bucket-allocator-bucket-count=8"
    "memorysetup-profiler-bucket-allocator-block-size=33554432"
    "memorysetup-profiler-bucket-allocator-block-count=8"
    "memorysetup-profiler-allocator-block-size=16777216"
    "memorysetup-profiler-editor-allocator-block-size=1048576"
    "memorysetup-temp-allocator-size-main=16777216"
    "memorysetup-job-temp-allocator-block-size=2097152"
    "memorysetup-job-temp-allocator-block-size-background=1048576"
    "memorysetup-job-temp-allocator-reduction-small-platforms=262144"
    "memorysetup-temp-allocator-size-background-worker=32768"
    "memorysetup-temp-allocator-size-job-worker=262144"
    "memorysetup-temp-allocator-size-preload-manager=33554432"
    "memorysetup-temp-allocator-size-nav-mesh-worker=65536"
    "memorysetup-temp-allocator-size-audio-worker=65536"
    "memorysetup-temp-allocator-size-cloud-worker=32768"
    "memorysetup-temp-allocator-size-gi-baking-worker=262144"
    "memorysetup-temp-allocator-size-gfx=262144"
Refreshing native plugins compatible for Editor in 216.34 ms, found 3 plugins.
Preloading 0 native plugins for Editor in 0.00 ms.
Initialize engine version: 2021.3.11f1 (0a5ca18544bf)
[Subsystems] Discovering subsystems at path C:/Program Files/Unity/Hub/Editor/2021.3.11f1/Editor/Data/Resources/UnitySubsystems
[Subsystems] Discovering subsystems at path C:/GS/UnityStudy/Lightless_Path/Lightless_Path/Assets
GfxDevice: creating device client; threaded=0; jobified=0
Direct3D:
    Version:  Direct3D 11.0 [level 11.1]
    Renderer: AMD Radeon(TM) Vega 8 Graphics (ID=0x15d8)
    Vendor:   ATI
    VRAM:     5089 MB
    Driver:   31.0.12029.4013
Initialize mono
Mono path[0] = 'C:/Program Files/Unity/Hub/Editor/2021.3.11f1/Editor/Data/Managed'
Mono path[1] = 'C:/Program Files/Unity/Hub/Editor/2021.3.11f1/Editor/Data/MonoBleedingEdge/lib/mono/unityjit-win32'
Mono config path = 'C:/Program Files/Unity/Hub/Editor/2021.3.11f1/Editor/Data/MonoBleedingEdge/etc'
Using monoOptions --debugger-agent=transport=dt_socket,embedding=1,server=y,suspend=n,address=127.0.0.1:56492
Begin MonoManager ReloadAssembly
Registering precompiled unity dll's ...
Register platform support module: C:/Program Files/Unity/Hub/Editor/2021.3.11f1/Editor/Data/PlaybackEngines/WindowsStandaloneSupport/UnityEditor.WindowsStandalone.Extensions.dll
Registered in 0.019315 seconds.
Native extension for WindowsStandalone target not found
Refreshing native plugins compatible for Editor in 128.15 ms, found 3 plugins.
Preloading 0 native plugins for Editor in 0.00 ms.
Mono: successfully reloaded assembly
- Completed reload, in  1.203 seconds
Domain Reload Profiling:
	ReloadAssembly (1204ms)
		BeginReloadAssembly (174ms)
			ExecutionOrderSort (0ms)
			DisableScriptedObjects (0ms)
			BackupInstance (0ms)
			ReleaseScriptingObjects (0ms)
			CreateAndSetChildDomain (1ms)
		EndReloadAssembly (802ms)
			LoadAssemblies (167ms)
			RebuildTransferFunctionScriptingTraits (0ms)
			SetupTypeCache (194ms)
			ReleaseScriptCaches (0ms)
			RebuildScriptCaches (54ms)
			SetupLoadedEditorAssemblies (454ms)
				LogAssemblyErrors (0ms)
				InitializePlatformSupportModulesInManaged (20ms)
				SetLoadedEditorAssemblies (1ms)
				RefreshPlugins (128ms)
				BeforeProcessingInitializeOnLoad (2ms)
				ProcessInitializeOnLoadAttributes (206ms)
				ProcessInitializeOnLoadMethodAttributes (97ms)
				AfterProcessingInitializeOnLoad (0ms)
				EditorAssembliesLoaded (0ms)
			ExecutionOrderSort2 (0ms)
			AwakeInstancesAfterBackupRestoration (0ms)
Platform modules already initialized, skipping
Registering precompiled user dll's ...
Registered in 0.022665 seconds.
Begin MonoManager ReloadAssembly
Symbol file LoadedFromMemory doesn't match image C:\GS\UnityStudy\Lightless_Path\Lightless_Path\Library\PackageCache\com.unity.visualscripting@1.8.0\Editor\VisualScripting.Core\Dependencies\YamlDotNet\Unity.VisualScripting.YamlDotNet.dll
Symbol file LoadedFromMemory doesn't match image C:\GS\UnityStudy\Lightless_Path\Lightless_Path\Library\PackageCache\com.unity.visualscripting@1.8.0\Editor\VisualScripting.Core\Dependencies\DotNetZip\Unity.VisualScripting.IonicZip.dll
Native extension for WindowsStandalone target not found
Refreshing native plugins compatible for Editor in 0.73 ms, found 3 plugins.
Preloading 0 native plugins for Editor in 0.00 ms.
Mono: successfully reloaded assembly
- Completed reload, in  1.874 seconds
Domain Reload Profiling:
	ReloadAssembly (1876ms)
		BeginReloadAssembly (224ms)
			ExecutionOrderSort (0ms)
			DisableScriptedObjects (11ms)
			BackupInstance (0ms)
			ReleaseScriptingObjects (0ms)
			CreateAndSetChildDomain (36ms)
		EndReloadAssembly (1432ms)
			LoadAssemblies (182ms)
			RebuildTransferFunctionScriptingTraits (0ms)
			SetupTypeCache (434ms)
			ReleaseScriptCaches (1ms)
			RebuildScriptCaches (79ms)
			SetupLoadedEditorAssemblies (689ms)
				LogAssemblyErrors (0ms)
				InitializePlatformSupportModulesInManaged (13ms)
				SetLoadedEditorAssemblies (1ms)
				RefreshPlugins (1ms)
				BeforeProcessingInitializeOnLoad (149ms)
				ProcessInitializeOnLoadAttributes (459ms)
				ProcessInitializeOnLoadMethodAttributes (45ms)
				AfterProcessingInitializeOnLoad (21ms)
				EditorAssembliesLoaded (0ms)
			ExecutionOrderSort2 (0ms)
			AwakeInstancesAfterBackupRestoration (21ms)
Platform modules already initialized, skipping
========================================================================
Worker process is ready to serve import requests
Launched and connected shader compiler UnityShaderCompiler.exe after 0.11 seconds
Refreshing native plugins compatible for Editor in 1.19 ms, found 3 plugins.
Preloading 0 native plugins for Editor in 0.00 ms.
Unloading 3037 Unused Serialized files (Serialized files now loaded: 0)
Unloading 24 unused Assets / (113.4 KB). Loaded Objects now: 3497.
Memory consumption went from 107.8 MB to 107.7 MB.
Total: 6.047900 ms (FindLiveObjects: 0.436700 ms CreateObjectMapping: 0.369200 ms MarkObjects: 5.031800 ms  DeleteObjects: 0.207700 ms)

AssetImportParameters requested are different than current active one (requested -> active):
  custom:video-decoder-ogg-theora: a1e56fd34408186e4bbccfd4996cb3dc -> 
  custom:container-muxer-webm: aa71ff27fc2769a1b78a27578f13a17b -> 
  custom:container-demuxer-webm: 4f35f7cbe854078d1ac9338744f61a02 -> 
  custom:video-encoder-webm-vp8: eb34c28f22e8b96e1ab97ce403110664 -> 
  custom:audio-encoder-webm-vorbis: bf7c407c2cedff20999df2af8eb42d56 -> 
  custom:framework-win-MediaFoundation: 216162199b28c13a410421893ffa2e32 -> 
  custom:container-demuxer-ogg: 62fdf1f143b41e24485cea50d1cbac27 -> 
  custom:video-decoder-webm-vp8: 9c59270c3fd7afecdb556c50c9e8de78 -> 
  custom:audio-decoder-ogg-vorbis: bf7c407c2cedff20999df2af8eb42d56 -> 
========================================================================
Received Import Request.
  Time since last request: 39694.630759 seconds.
  path: Assets/POLYGON city pack/Prefabs/Lamps/Lamp_2_prefab.prefab
  artifactKey: Guid(e4485e1bf16c1634eb7efdd39779175d) Importer(815301076,1909f56bfc062723c751e8b465ee728b)
Start importing Assets/POLYGON city pack/Prefabs/Lamps/Lamp_2_prefab.prefab using Guid(e4485e1bf16c1634eb7efdd39779175d) Importer(815301076,1909f56bfc062723c751e8b465ee728b)  -> (artifact id: 'c565feb2130ebe39ca90ac6fedfed367') in 0.419609 seconds 
========================================================================
Received Import Request.
  Time since last request: 0.000088 seconds.
  path: Assets/POLYGON city pack/Prefabs/Lamps/Lamp_7_prefab.prefab
  artifactKey: Guid(48c232ddc1938bc40b73a1685a1672b1) Importer(815301076,1909f56bfc062723c751e8b465ee728b)
Start importing Assets/POLYGON city pack/Prefabs/Lamps/Lamp_7_prefab.prefab using Guid(48c232ddc1938bc40b73a1685a1672b1) Importer(815301076,1909f56bfc062723c751e8b465ee728b)  -> (artifact id: '1f4c32a87914feadc0835fa11f04ffc0') in 0.065163 seconds 
========================================================================
Received Import Request.
  Time since last request: 0.000079 seconds.
  path: Assets/POLYGON city pack/Prefabs/Lamps/Lamp_5_prefab.prefab
  artifactKey: Guid(c843625d7d71737438cdcd19ad728753) Importer(815301076,1909f56bfc062723c751e8b465ee728b)
Start importing Assets/POLYGON city pack/Prefabs/Lamps/Lamp_5_prefab.prefab using Guid(c843625d7d71737438cdcd19ad728753) Importer(815301076,1909f56bfc062723c751e8b465ee728b)  -> (artifact id: 'f4d4166a001f26282db6034070b4bcb7') in 0.050978 seconds 
========================================================================
Received Import Request.
  Time since last request: 0.000043 seconds.
  path: Assets/POLYGON city pack/Prefabs/Lamps/Lamp_6_prefab.prefab
  artifactKey: Guid(a0be46bd354c1ae4fa9dce3dfe7a25c1) Importer(815301076,1909f56bfc062723c751e8b465ee728b)
Start importing Assets/POLYGON city pack/Prefabs/Lamps/Lamp_6_prefab.prefab using Guid(a0be46bd354c1ae4fa9dce3dfe7a25c1) Importer(815301076,1909f56bfc062723c751e8b465ee728b)  -> (artifact id: 'f6a308d2a3c0d074481858455259ef98') in 0.042707 seconds 
========================================================================
Received Import Request.
  Time since last request: 0.000034 seconds.
  path: Assets/POLYGON city pack/Prefabs/Lamps/street_lamp 1 prefab.prefab
  artifactKey: Guid(6825a3fe8a1605f42a0d0589e582ac40) Importer(815301076,1909f56bfc062723c751e8b465ee728b)
Start importing Assets/POLYGON city pack/Prefabs/Lamps/street_lamp 1 prefab.prefab using Guid(6825a3fe8a1605f42a0d0589e582ac40) Importer(815301076,1909f56bfc062723c751e8b465ee728b)  -> (artifact id: '814ae366480ebccdff5676e4da3f4f73') in 0.036737 seconds 
========================================================================
Received Import Request.
  Time since last request: 0.038316 seconds.
  path: Assets/POLYGON city pack/Prefabs/Letters/Letter_B_Prefab.prefab
  artifactKey: Guid(57671d8d7e3c6ac4484342e67b69f13a) Importer(815301076,1909f56bfc062723c751e8b465ee728b)
Start importing Assets/POLYGON city pack/Prefabs/Letters/Letter_B_Prefab.prefab using Guid(57671d8d7e3c6ac4484342e67b69f13a) Importer(815301076,1909f56bfc062723c751e8b465ee728b)  -> (artifact id: '8fd8cbc27629cc234e2e35289be94db9') in 0.051146 seconds 
========================================================================
Received Import Request.
  Time since last request: 0.000057 seconds.
  path: Assets/POLYGON city pack/Prefabs/Letters/Letter_E_Prefab.prefab
  artifactKey: Guid(3a8c76fe5ec38c6458fcafb62cb2a0d9) Importer(815301076,1909f56bfc062723c751e8b465ee728b)
Start importing Assets/POLYGON city pack/Prefabs/Letters/Letter_E_Prefab.prefab using Guid(3a8c76fe5ec38c6458fcafb62cb2a0d9) Importer(815301076,1909f56bfc062723c751e8b465ee728b)  -> (artifact id: '82d340ec0e49a4ed40a3408db9f38a14') in 0.064757 seconds 
========================================================================
Received Import Request.
  Time since last request: 0.000069 seconds.
  path: Assets/POLYGON city pack/Prefabs/Letters/Letter_U_Prefab.prefab
  artifactKey: Guid(bad69329b592f22448ec9dd8ac687ad4) Importer(815301076,1909f56bfc062723c751e8b465ee728b)
Start importing Assets/POLYGON city pack/Prefabs/Letters/Letter_U_Prefab.prefab using Guid(bad69329b592f22448ec9dd8ac687ad4) Importer(815301076,1909f56bfc062723c751e8b465ee728b)  -> (artifact id: 'ba72654cbf18e776266d25619031a754') in 0.044235 seconds 
========================================================================
Received Import Request.
  Time since last request: 0.000044 seconds.
  path: Assets/POLYGON city pack/Prefabs/Letters/Letter_L_Prefab.prefab
  artifactKey: Guid(13e171104ed12b849a7bd5e888d86142) Importer(815301076,1909f56bfc062723c751e8b465ee728b)
Start importing Assets/POLYGON city pack/Prefabs/Letters/Letter_L_Prefab.prefab using Guid(13e171104ed12b849a7bd5e888d86142) Importer(815301076,1909f56bfc062723c751e8b465ee728b)  -> (artifact id: 'acce3ee0993011df93e54d2a3398be57') in 0.048940 seconds 
========================================================================
Received Import Request.
  Time since last request: 0.000054 seconds.
  path: Assets/POLYGON city pack/Prefabs/Letters/Letter_I_Prefab.prefab
  artifactKey: Guid(bcec7c2b0048dfa4582dd821645c76b4) Importer(815301076,1909f56bfc062723c751e8b465ee728b)
Start importing Assets/POLYGON city pack/Prefabs/Letters/Letter_I_Prefab.prefab using Guid(bcec7c2b0048dfa4582dd821645c76b4) Importer(815301076,1909f56bfc062723c751e8b465ee728b)  -> (artifact id: 'ce5227834956bb02ee36f57edc060ff1') in 0.063836 seconds 
========================================================================
Received Import Request.
  Time since last request: 0.000043 seconds.
  path: Assets/POLYGON city pack/Prefabs/Letters/Letter_Q_Prefab.prefab
  artifactKey: Guid(91ab83aee48df174a82434785f82806d) Importer(815301076,1909f56bfc062723c751e8b465ee728b)
Start importing Assets/POLYGON city pack/Prefabs/Letters/Letter_Q_Prefab.prefab using Guid(91ab83aee48df174a82434785f82806d) Importer(815301076,1909f56bfc062723c751e8b465ee728b)  -> (artifact id: '9742ee97ac356e3331bde251cdf3453d') in 0.050504 seconds 
========================================================================
Received Import Request.
  Time since last request: 0.000070 seconds.
  path: Assets/POLYGON city pack/Prefabs/Letters/Letter_D_Prefab.prefab
  artifactKey: Guid(b5adf05bb13f2d845934cb5ad393fb91) Importer(815301076,1909f56bfc062723c751e8b465ee728b)
Start importing Assets/POLYGON city pack/Prefabs/Letters/Letter_D_Prefab.prefab using Guid(b5adf05bb13f2d845934cb5ad393fb91) Importer(815301076,1909f56bfc062723c751e8b465ee728b)  -> (artifact id: '8fd267d61be8fee9f37a6cea031bc01b') in 0.051058 seconds 
========================================================================
Received Import Request.
  Time since last request: 0.000077 seconds.
  path: Assets/POLYGON city pack/Prefabs/Letters/Letter_Z_Prefab.prefab
  artifactKey: Guid(3d1a7b5520cd4504fa9c2d0c7896d270) Importer(815301076,1909f56bfc062723c751e8b465ee728b)
Start importing Assets/POLYGON city pack/Prefabs/Letters/Letter_Z_Prefab.prefab using Guid(3d1a7b5520cd4504fa9c2d0c7896d270) Importer(815301076,1909f56bfc062723c751e8b465ee728b)  -> (artifact id: 'fc7a673560a9411c2560a06c330818a3') in 0.068793 seconds 
========================================================================
Received Import Request.
  Time since last request: 0.000049 seconds.
  path: Assets/POLYGON city pack/Prefabs/Letters/Letter_O_Prefab.prefab
  artifactKey: Guid(1388611d0c053e54ab3bb60eb6e40eb0) Importer(815301076,1909f56bfc062723c751e8b465ee728b)
Start importing Assets/POLYGON city pack/Prefabs/Letters/Letter_O_Prefab.prefab using Guid(1388611d0c053e54ab3bb60eb6e40eb0) Importer(815301076,1909f56bfc062723c751e8b465ee728b)  -> (artifact id: '25e0f8ad57d5646059007efa39f884bc') in 0.050262 seconds 
========================================================================
Received Import Request.
  Time since last request: 0.000043 seconds.
  path: Assets/POLYGON city pack/Prefabs/Letters/Letter_V_Prefab.prefab
  artifactKey: Guid(39327451d36aac1409ec3750439e7a28) Importer(815301076,1909f56bfc062723c751e8b465ee728b)
Start importing Assets/POLYGON city pack/Prefabs/Letters/Letter_V_Prefab.prefab using Guid(39327451d36aac1409ec3750439e7a28) Importer(815301076,1909f56bfc062723c751e8b465ee728b)  -> (artifact id: '3efc0d21baae405e5e7b365b238222f1') in 0.046797 seconds 
========================================================================
Received Import Request.
  Time since last request: 0.000054 seconds.
  path: Assets/POLYGON city pack/Prefabs/Letters/Letter_Y_Prefab.prefab
  artifactKey: Guid(7a84762656a300e40b7f661a09c36e7f) Importer(815301076,1909f56bfc062723c751e8b465ee728b)
Start importing Assets/POLYGON city pack/Prefabs/Letters/Letter_Y_Prefab.prefab using Guid(7a84762656a300e40b7f661a09c36e7f) Importer(815301076,1909f56bfc062723c751e8b465ee728b)  -> (artifact id: 'ff3ce70dd11e452faa0959ad88e32243') in 0.047284 seconds 
========================================================================
Received Import Request.
  Time since last request: 0.000049 seconds.
  path: Assets/POLYGON city pack/Prefabs/Letters/Letter_P_Prefab.prefab
  artifactKey: Guid(8974ac32dde6fd848bebffb7724a1aeb) Importer(815301076,1909f56bfc062723c751e8b465ee728b)
Start importing Assets/POLYGON city pack/Prefabs/Letters/Letter_P_Prefab.prefab using Guid(8974ac32dde6fd848bebffb7724a1aeb) Importer(815301076,1909f56bfc062723c751e8b465ee728b)  -> (artifact id: '5e6296a5900cd26f00241fced09b7133') in 0.046473 seconds 
========================================================================
Received Import Request.
  Time since last request: 4.644399 seconds.
  path: Assets/POLYGON city pack/Prefabs/Props/Bank_sign Prefab.prefab
  artifactKey: Guid(d11c03cec4369ea4aa3d29744046d625) Importer(815301076,1909f56bfc062723c751e8b465ee728b)
Start importing Assets/POLYGON city pack/Prefabs/Props/Bank_sign Prefab.prefab using Guid(d11c03cec4369ea4aa3d29744046d625) Importer(815301076,1909f56bfc062723c751e8b465ee728b)  -> (artifact id: 'a310351ba97fbe36f2f6e290aa7d282b') in 0.043294 seconds 
========================================================================
Received Import Request.
  Time since last request: 0.000033 seconds.
  path: Assets/POLYGON city pack/Prefabs/Props/Grass mass_prefab.prefab
  artifactKey: Guid(e53777a03d3be324ab0664ab7ef3d886) Importer(815301076,1909f56bfc062723c751e8b465ee728b)
Start importing Assets/POLYGON city pack/Prefabs/Props/Grass mass_prefab.prefab using Guid(e53777a03d3be324ab0664ab7ef3d886) Importer(815301076,1909f56bfc062723c751e8b465ee728b)  -> (artifact id: '69a9fbdfccea6765893b5d75f69c75eb') in 0.052684 seconds 
========================================================================
Received Import Request.
  Time since last request: 0.000047 seconds.
  path: Assets/POLYGON city pack/Prefabs/Props/Traffic_pot prefab.prefab
  artifactKey: Guid(419d31cd2358c274b93f3ed5fac4773f) Importer(815301076,1909f56bfc062723c751e8b465ee728b)
Start importing Assets/POLYGON city pack/Prefabs/Props/Traffic_pot prefab.prefab using Guid(419d31cd2358c274b93f3ed5fac4773f) Importer(815301076,1909f56bfc062723c751e8b465ee728b)  -> (artifact id: 'd612231b2f06404129d7b50e4f0d195f') in 0.053724 seconds 
========================================================================
Received Import Request.
  Time since last request: 0.000078 seconds.
  path: Assets/POLYGON city pack/Prefabs/Props/Flower 1 prefab F.prefab
  artifactKey: Guid(67086b7e1b4a07246aaebc44c363dcc3) Importer(815301076,1909f56bfc062723c751e8b465ee728b)
Start importing Assets/POLYGON city pack/Prefabs/Props/Flower 1 prefab F.prefab using Guid(67086b7e1b4a07246aaebc44c363dcc3) Importer(815301076,1909f56bfc062723c751e8b465ee728b)  -> (artifact id: '9701a76b6e9050751e1f53e1b95c7c94') in 0.044706 seconds 
========================================================================
Received Import Request.
  Time since last request: 0.000042 seconds.
  path: Assets/POLYGON city pack/Prefabs/Props/Stone 1 Prefab.prefab
  artifactKey: Guid(64c8858bb5c72b0449860f828a7a54fa) Importer(815301076,1909f56bfc062723c751e8b465ee728b)
Start importing Assets/POLYGON city pack/Prefabs/Props/Stone 1 Prefab.prefab using Guid(64c8858bb5c72b0449860f828a7a54fa) Importer(815301076,1909f56bfc062723c751e8b465ee728b)  -> (artifact id: 'befd5430c20c615c0131dcf55192c73c') in 0.041981 seconds 
========================================================================
Received Import Request.
  Time since last request: 0.000437 seconds.
  path: Assets/POLYGON city pack/Prefabs/Props/Bus stop prefab.prefab
  artifactKey: Guid(30916da9dd66da74d8e831f29c0b250f) Importer(815301076,1909f56bfc062723c751e8b465ee728b)
Start importing Assets/POLYGON city pack/Prefabs/Props/Bus stop prefab.prefab using Guid(30916da9dd66da74d8e831f29c0b250f) Importer(815301076,1909f56bfc062723c751e8b465ee728b)  -> (artifact id: 'b265b8afe1e8e40ce04dac230b641997') in 0.318318 seconds 
========================================================================
Received Import Request.
  Time since last request: 0.000064 seconds.
  path: Assets/POLYGON city pack/Prefabs/Props/plant 1 prefab.prefab
  artifactKey: Guid(d15d3707ee72e6e4992de2448a2bfccb) Importer(815301076,1909f56bfc062723c751e8b465ee728b)
Start importing Assets/POLYGON city pack/Prefabs/Props/plant 1 prefab.prefab using Guid(d15d3707ee72e6e4992de2448a2bfccb) Importer(815301076,1909f56bfc062723c751e8b465ee728b)  -> (artifact id: 'ff38eb5892aea6c9ec4ef25eb066b963') in 0.041625 seconds 
========================================================================
Received Import Request.
  Time since last request: 0.000073 seconds.
  path: Assets/POLYGON city pack/Prefabs/Props/drain 2 prefab.prefab
  artifactKey: Guid(cc198c66ba240c946b6f10f40c60795a) Importer(815301076,1909f56bfc062723c751e8b465ee728b)
Start importing Assets/POLYGON city pack/Prefabs/Props/drain 2 prefab.prefab using Guid(cc198c66ba240c946b6f10f40c60795a) Importer(815301076,1909f56bfc062723c751e8b465ee728b)  -> (artifact id: 'e472ee6f6b2848b1e4223498dffac000') in 0.048496 seconds 
========================================================================
Received Import Request.
  Time since last request: 0.000043 seconds.
  path: Assets/POLYGON city pack/Prefabs/Props/flower 2 prefab.prefab
  artifactKey: Guid(0f1f4c4f42ef5c74c8dd43866325948d) Importer(815301076,1909f56bfc062723c751e8b465ee728b)
Start importing Assets/POLYGON city pack/Prefabs/Props/flower 2 prefab.prefab using Guid(0f1f4c4f42ef5c74c8dd43866325948d) Importer(815301076,1909f56bfc062723c751e8b465ee728b)  -> (artifact id: '0f025051e04f2e79c79f4217220c8ee2') in 0.045281 seconds 
========================================================================
Received Import Request.
  Time since last request: 0.000057 seconds.
  path: Assets/POLYGON city pack/Prefabs/Props/platt sign 5 prefab.prefab
  artifactKey: Guid(b16f11b0d09550241914b5bb604da520) Importer(815301076,1909f56bfc062723c751e8b465ee728b)
Start importing Assets/POLYGON city pack/Prefabs/Props/platt sign 5 prefab.prefab using Guid(b16f11b0d09550241914b5bb604da520) Importer(815301076,1909f56bfc062723c751e8b465ee728b)  -> (artifact id: '8c21081b39eef3a0e951091bb4505a53') in 0.051066 seconds 
========================================================================
Received Import Request.
  Time since last request: 0.000215 seconds.
  path: Assets/POLYGON city pack/Prefabs/Props/Bush 2 prefab.prefab
  artifactKey: Guid(6ebfc6898dc70814c86bb78d43e72a9c) Importer(815301076,1909f56bfc062723c751e8b465ee728b)
Start importing Assets/POLYGON city pack/Prefabs/Props/Bush 2 prefab.prefab using Guid(6ebfc6898dc70814c86bb78d43e72a9c) Importer(815301076,1909f56bfc062723c751e8b465ee728b)  -> (artifact id: '0785b7c161f69f82cd5b5b014dae167a') in 0.061466 seconds 
========================================================================
Received Import Request.
  Time since last request: 0.000076 seconds.
  path: Assets/POLYGON city pack/Prefabs/Props/Flower 1 prefab H.prefab
  artifactKey: Guid(b1fb400995a0fe641bd3e5fdfb630751) Importer(815301076,1909f56bfc062723c751e8b465ee728b)
Start importing Assets/POLYGON city pack/Prefabs/Props/Flower 1 prefab H.prefab using Guid(b1fb400995a0fe641bd3e5fdfb630751) Importer(815301076,1909f56bfc062723c751e8b465ee728b)  -> (artifact id: 'e8d777259fa384727f80567c84f7cdfe') in 0.044879 seconds 
========================================================================
Received Import Request.
  Time since last request: 0.000062 seconds.
  path: Assets/POLYGON city pack/Prefabs/Props/Flower 1 prefab E.prefab
  artifactKey: Guid(662342a1f0535f34db513eb61d76ee9f) Importer(815301076,1909f56bfc062723c751e8b465ee728b)
Start importing Assets/POLYGON city pack/Prefabs/Props/Flower 1 prefab E.prefab using Guid(662342a1f0535f34db513eb61d76ee9f) Importer(815301076,1909f56bfc062723c751e8b465ee728b)  -> (artifact id: 'd06ff8e16ca36cbb1ee860ad3a3b331c') in 0.049519 seconds 
========================================================================
Received Import Request.
  Time since last request: 0.000082 seconds.
  path: Assets/POLYGON city pack/Prefabs/Props/Ketchup prefab.prefab
  artifactKey: Guid(31f2ecfec20d54541ace8f82e1071325) Importer(815301076,1909f56bfc062723c751e8b465ee728b)
Start importing Assets/POLYGON city pack/Prefabs/Props/Ketchup prefab.prefab using Guid(31f2ecfec20d54541ace8f82e1071325) Importer(815301076,1909f56bfc062723c751e8b465ee728b)  -> (artifact id: 'abc3441b295cf47b8e58dae72339b577') in 0.053937 seconds 
========================================================================
Received Import Request.
  Time since last request: 0.000064 seconds.
  path: Assets/POLYGON city pack/Prefabs/Props/Can_cola 1 prefab.prefab
  artifactKey: Guid(81d26dcff31f3ee45a7af58439d44b2e) Importer(815301076,1909f56bfc062723c751e8b465ee728b)
Start importing Assets/POLYGON city pack/Prefabs/Props/Can_cola 1 prefab.prefab using Guid(81d26dcff31f3ee45a7af58439d44b2e) Importer(815301076,1909f56bfc062723c751e8b465ee728b)  -> (artifact id: '4c6d6bd8306181bf87912bfa987a02f7') in 0.044504 seconds 
========================================================================
Received Import Request.
  Time since last request: 0.000054 seconds.
  path: Assets/POLYGON city pack/Prefabs/Props/fence c prefab.prefab
  artifactKey: Guid(6c59ef0028580ac429571adf93ff0a16) Importer(815301076,1909f56bfc062723c751e8b465ee728b)
Start importing Assets/POLYGON city pack/Prefabs/Props/fence c prefab.prefab using Guid(6c59ef0028580ac429571adf93ff0a16) Importer(815301076,1909f56bfc062723c751e8b465ee728b)  -> (artifact id: '5feb0ccb4aaf7207dc360c9f43a97294') in 0.048259 seconds 
========================================================================
Received Import Request.
  Time since last request: 0.000072 seconds.
  path: Assets/POLYGON city pack/Prefabs/Props/Hotdog prefab.prefab
  artifactKey: Guid(57a987e39cc3143448c053e7a5925600) Importer(815301076,1909f56bfc062723c751e8b465ee728b)
Start importing Assets/POLYGON city pack/Prefabs/Props/Hotdog prefab.prefab using Guid(57a987e39cc3143448c053e7a5925600) Importer(815301076,1909f56bfc062723c751e8b465ee728b)  -> (artifact id: '18eb3c4abe47537ba2f6e875fd447e85') in 0.053028 seconds 
========================================================================
Received Import Request.
  Time since last request: 0.000091 seconds.
  path: Assets/POLYGON city pack/Prefabs/Props/hedge prefab.prefab
  artifactKey: Guid(3f544eaa13dc7074cba3aed998b27842) Importer(815301076,1909f56bfc062723c751e8b465ee728b)
Start importing Assets/POLYGON city pack/Prefabs/Props/hedge prefab.prefab using Guid(3f544eaa13dc7074cba3aed998b27842) Importer(815301076,1909f56bfc062723c751e8b465ee728b)  -> (artifact id: 'cb2baa551aa5fc296b9c9ba84a81b47a') in 0.054714 seconds 
========================================================================
Received Import Request.
  Time since last request: 0.000048 seconds.
  path: Assets/POLYGON city pack/Prefabs/Props/platt sign 4 prefab.prefab
  artifactKey: Guid(8375612b26134aa47966b68d5e0b25bb) Importer(815301076,1909f56bfc062723c751e8b465ee728b)
Start importing Assets/POLYGON city pack/Prefabs/Props/platt sign 4 prefab.prefab using Guid(8375612b26134aa47966b68d5e0b25bb) Importer(815301076,1909f56bfc062723c751e8b465ee728b)  -> (artifact id: 'f5dd6599c3b16151af9c466b4909dcc1') in 0.052481 seconds 
========================================================================
Received Import Request.
  Time since last request: 0.000053 seconds.
  path: Assets/POLYGON city pack/Prefabs/Props/bush prefab.prefab
  artifactKey: Guid(fb63f2d87ad55dd42891f1e2dbfe660d) Importer(815301076,1909f56bfc062723c751e8b465ee728b)
Start importing Assets/POLYGON city pack/Prefabs/Props/bush prefab.prefab using Guid(fb63f2d87ad55dd42891f1e2dbfe660d) Importer(815301076,1909f56bfc062723c751e8b465ee728b)  -> (artifact id: 'aceb85a18061e25754ee81c4733fd14d') in 0.044764 seconds 
========================================================================
Received Import Request.
  Time since last request: 0.000058 seconds.
  path: Assets/POLYGON city pack/Prefabs/Props/Fence_B_1 prefab.prefab
  artifactKey: Guid(a0c9730978f0d194c9b79ac6b6aa2c60) Importer(815301076,1909f56bfc062723c751e8b465ee728b)
Start importing Assets/POLYGON city pack/Prefabs/Props/Fence_B_1 prefab.prefab using Guid(a0c9730978f0d194c9b79ac6b6aa2c60) Importer(815301076,1909f56bfc062723c751e8b465ee728b)  -> (artifact id: '42dd8e714903f4a66eacc4f3814873ac') in 0.044634 seconds 
========================================================================
Received Import Request.
  Time since last request: 0.000048 seconds.
  path: Assets/POLYGON city pack/Prefabs/Props/Power_poles prefab.prefab
  artifactKey: Guid(ad77b71bebe086d48ab3d1cd35b2746b) Importer(815301076,1909f56bfc062723c751e8b465ee728b)
Start importing Assets/POLYGON city pack/Prefabs/Props/Power_poles prefab.prefab using Guid(ad77b71bebe086d48ab3d1cd35b2746b) Importer(815301076,1909f56bfc062723c751e8b465ee728b)  -> (artifact id: 'b9795cbcf69d16ecb02e55c617d113d6') in 0.052567 seconds 
========================================================================
Received Import Request.
  Time since last request: 0.000063 seconds.
  path: Assets/POLYGON city pack/Prefabs/Props/Hospital_sign prefab.prefab
  artifactKey: Guid(59f2f37d570039d41891cb6cb0bf2011) Importer(815301076,1909f56bfc062723c751e8b465ee728b)
Start importing Assets/POLYGON city pack/Prefabs/Props/Hospital_sign prefab.prefab using Guid(59f2f37d570039d41891cb6cb0bf2011) Importer(815301076,1909f56bfc062723c751e8b465ee728b)  -> (artifact id: '96b9843007e8a9ce61bfab90056b334a') in 0.041044 seconds 
========================================================================
Received Import Request.
  Time since last request: 0.000032 seconds.
  path: Assets/POLYGON city pack/Prefabs/Props/trashcan prefab.prefab
  artifactKey: Guid(8983c8df5fb12ea4bb76cdf0ef2f9c1b) Importer(815301076,1909f56bfc062723c751e8b465ee728b)
Start importing Assets/POLYGON city pack/Prefabs/Props/trashcan prefab.prefab using Guid(8983c8df5fb12ea4bb76cdf0ef2f9c1b) Importer(815301076,1909f56bfc062723c751e8b465ee728b)  -> (artifact id: '440a4baa79bb5e871d6a9fec1aae3620') in 0.040472 seconds 
========================================================================
Received Import Request.
  Time since last request: 0.000035 seconds.
  path: Assets/POLYGON city pack/Prefabs/Props/Wall 4 prefab.prefab
  artifactKey: Guid(34ba8d2a4c4d0b14c8c5d619aa76047b) Importer(815301076,1909f56bfc062723c751e8b465ee728b)
Start importing Assets/POLYGON city pack/Prefabs/Props/Wall 4 prefab.prefab using Guid(34ba8d2a4c4d0b14c8c5d619aa76047b) Importer(815301076,1909f56bfc062723c751e8b465ee728b)  -> (artifact id: 'f7199592e06dbb5829b99816ab2204cf') in 0.041928 seconds 
========================================================================
Received Import Request.
  Time since last request: 0.000053 seconds.
  path: Assets/POLYGON city pack/Prefabs/Props/Wall 3 prefab.prefab
  artifactKey: Guid(d3279157e4e75be44a4c862cb4e328a3) Importer(815301076,1909f56bfc062723c751e8b465ee728b)
Start importing Assets/POLYGON city pack/Prefabs/Props/Wall 3 prefab.prefab using Guid(d3279157e4e75be44a4c862cb4e328a3) Importer(815301076,1909f56bfc062723c751e8b465ee728b)  -> (artifact id: 'af26c53551b153076582ef41bcc648fb') in 0.041746 seconds 
========================================================================
Received Import Request.
  Time since last request: 0.000069 seconds.
  path: Assets/POLYGON city pack/Prefabs/Props/Wall 6 prefab.prefab
  artifactKey: Guid(facc5fd5141efde4491e095867e3730e) Importer(815301076,1909f56bfc062723c751e8b465ee728b)
Start importing Assets/POLYGON city pack/Prefabs/Props/Wall 6 prefab.prefab using Guid(facc5fd5141efde4491e095867e3730e) Importer(815301076,1909f56bfc062723c751e8b465ee728b)  -> (artifact id: '01a28f0d3ded9c01574b30ed9265f26d') in 0.046577 seconds 
========================================================================
Received Import Request.
  Time since last request: 0.000072 seconds.
  path: Assets/POLYGON city pack/Prefabs/Props/Wall 7 prefab.prefab
  artifactKey: Guid(f902153ff8ccfb04091c1bd2019134b8) Importer(815301076,1909f56bfc062723c751e8b465ee728b)
Start importing Assets/POLYGON city pack/Prefabs/Props/Wall 7 prefab.prefab using Guid(f902153ff8ccfb04091c1bd2019134b8) Importer(815301076,1909f56bfc062723c751e8b465ee728b)  -> (artifact id: '3a71cfcc26078a0d37d1214145038eef') in 0.047134 seconds 
========================================================================
Received Import Request.
  Time since last request: 0.000051 seconds.
  path: Assets/POLYGON city pack/Prefabs/Props/Stone 4 Prefab.prefab
  artifactKey: Guid(b4289919ba517cd45aff629c81afa3fe) Importer(815301076,1909f56bfc062723c751e8b465ee728b)
Start importing Assets/POLYGON city pack/Prefabs/Props/Stone 4 Prefab.prefab using Guid(b4289919ba517cd45aff629c81afa3fe) Importer(815301076,1909f56bfc062723c751e8b465ee728b)  -> (artifact id: 'fe36470531bc26d973e85777741608e9') in 0.040781 seconds 
========================================================================
Received Import Request.
  Time since last request: 0.000040 seconds.
  path: Assets/POLYGON city pack/Prefabs/Props/phone booth prefab.prefab
  artifactKey: Guid(b995d8a7dcf811740b66ae5cf81e4fa6) Importer(815301076,1909f56bfc062723c751e8b465ee728b)
Start importing Assets/POLYGON city pack/Prefabs/Props/phone booth prefab.prefab using Guid(b995d8a7dcf811740b66ae5cf81e4fa6) Importer(815301076,1909f56bfc062723c751e8b465ee728b)  -> (artifact id: '0626c6d67e352ec9c6cf9810720d9062') in 0.052366 seconds 
========================================================================
Received Import Request.
  Time since last request: 0.000044 seconds.
  path: Assets/POLYGON city pack/Prefabs/Props/Bush 2 mass prefab.prefab
  artifactKey: Guid(7c311e85b96e43d4aaaf68e86c127195) Importer(815301076,1909f56bfc062723c751e8b465ee728b)
Start importing Assets/POLYGON city pack/Prefabs/Props/Bush 2 mass prefab.prefab using Guid(7c311e85b96e43d4aaaf68e86c127195) Importer(815301076,1909f56bfc062723c751e8b465ee728b)  -> (artifact id: 'd8dec8961636ec58c196c112118bacca') in 0.047952 seconds 
========================================================================
Received Import Request.
  Time since last request: 0.000067 seconds.
  path: Assets/POLYGON city pack/Prefabs/Props/televserion antenna prefab.prefab
  artifactKey: Guid(672edbc300fa6bd439cf13ff7878bdea) Importer(815301076,1909f56bfc062723c751e8b465ee728b)
Start importing Assets/POLYGON city pack/Prefabs/Props/televserion antenna prefab.prefab using Guid(672edbc300fa6bd439cf13ff7878bdea) Importer(815301076,1909f56bfc062723c751e8b465ee728b)  -> (artifact id: '5b7d98209422516ecd37503d89fb337c') in 0.048091 seconds 
========================================================================
Received Import Request.
  Time since last request: 0.000062 seconds.
  path: Assets/POLYGON city pack/Prefabs/Props/traffic_warning_stand prefab.prefab
  artifactKey: Guid(883cf758fdbaad44fbf987329131dbfb) Importer(815301076,1909f56bfc062723c751e8b465ee728b)
Start importing Assets/POLYGON city pack/Prefabs/Props/traffic_warning_stand prefab.prefab using Guid(883cf758fdbaad44fbf987329131dbfb) Importer(815301076,1909f56bfc062723c751e8b465ee728b)  -> (artifact id: 'f16412cc760e520922d6f8256a2df092') in 0.046976 seconds 
========================================================================
Received Import Request.
  Time since last request: 0.000043 seconds.
  path: Assets/POLYGON city pack/Prefabs/Props/hedge_curve prefab.prefab
  artifactKey: Guid(f2a4c4a6f1e89a74a995f3108da5be04) Importer(815301076,1909f56bfc062723c751e8b465ee728b)
Start importing Assets/POLYGON city pack/Prefabs/Props/hedge_curve prefab.prefab using Guid(f2a4c4a6f1e89a74a995f3108da5be04) Importer(815301076,1909f56bfc062723c751e8b465ee728b)  -> (artifact id: 'e8a0ee7176c37e52f89c2ad082d24a16') in 0.046520 seconds 
========================================================================
Received Import Request.
  Time since last request: 0.000044 seconds.
  path: Assets/POLYGON city pack/Prefabs/Props/Flower 1 prefab G.prefab
  artifactKey: Guid(e698f0d8234b54e419217034d057fe59) Importer(815301076,1909f56bfc062723c751e8b465ee728b)
Start importing Assets/POLYGON city pack/Prefabs/Props/Flower 1 prefab G.prefab using Guid(e698f0d8234b54e419217034d057fe59) Importer(815301076,1909f56bfc062723c751e8b465ee728b)  -> (artifact id: 'b292bff60347f359bbcca65537938125') in 0.047301 seconds 
Editor requested this worker to shutdown with reason: Scaling down because of idle timeout
AssetImportWorker is now disconnected from the server
Process exiting
Exiting without the bug reporter. Application will terminate with return code 0