Using pre-set license
Built from '2021.3/staging' branch; Version is '2021.3.11f1 (0a5ca18544bf) revision 679073'; Using compiler version '192829333'; Build Type 'Release'
OS: 'Windows 11  (10.0.22621) 64bit Education' Language: 'ko' Physical Memory: 10178 MB
BatchMode: 1, IsHumanControllingUs: 0, StartBugReporterOnCrash: 0, Is64bit: 1, IsPro: 1

COMMAND LINE ARGUMENTS:
C:\Program Files\Unity\Hub\Editor\2021.3.11f1\Editor\Unity.exe
-adb2
-batchMode
-noUpm
-name
AssetImportWorker2
-projectPath
C:/GS/UnityStudy/Lightless_Path/Lightless_Path
-logFile
Logs/AssetImportWorker2.log
-srvPort
51757
Successfully changed project path to: C:/GS/UnityStudy/Lightless_Path/Lightless_Path
C:/GS/UnityStudy/Lightless_Path/Lightless_Path
[UnityMemory] Configuration Parameters - Can be set up in boot.config
    "memorysetup-bucket-allocator-granularity=16"
    "memorysetup-bucket-allocator-bucket-count=8"
    "memorysetup-bucket-allocator-block-size=33554432"
    "memorysetup-bucket-allocator-block-count=8"
    "memorysetup-main-allocator-block-size=16777216"
    "memorysetup-thread-allocator-block-size=16777216"
    "memorysetup-gfx-main-allocator-block-size=16777216"
    "memorysetup-gfx-thread-allocator-block-size=16777216"
    "memorysetup-cache-allocator-block-size=4194304"
    "memorysetup-typetree-allocator-block-size=2097152"
    "memorysetup-profiler-bucket-allocator-granularity=16"
    "memorysetup-profiler-bucket-allocator-bucket-count=8"
    "memorysetup-profiler-bucket-allocator-block-size=33554432"
    "memorysetup-profiler-bucket-allocator-block-count=8"
    "memorysetup-profiler-allocator-block-size=16777216"
    "memorysetup-profiler-editor-allocator-block-size=1048576"
    "memorysetup-temp-allocator-size-main=16777216"
    "memorysetup-job-temp-allocator-block-size=2097152"
    "memorysetup-job-temp-allocator-block-size-background=1048576"
    "memorysetup-job-temp-allocator-reduction-small-platforms=262144"
    "memorysetup-temp-allocator-size-background-worker=32768"
    "memorysetup-temp-allocator-size-job-worker=262144"
    "memorysetup-temp-allocator-size-preload-manager=33554432"
    "memorysetup-temp-allocator-size-nav-mesh-worker=65536"
    "memorysetup-temp-allocator-size-audio-worker=65536"
    "memorysetup-temp-allocator-size-cloud-worker=32768"
    "memorysetup-temp-allocator-size-gi-baking-worker=262144"
    "memorysetup-temp-allocator-size-gfx=262144"
Refreshing native plugins compatible for Editor in 216.51 ms, found 3 plugins.
Preloading 0 native plugins for Editor in 0.00 ms.
Initialize engine version: 2021.3.11f1 (0a5ca18544bf)
[Subsystems] Discovering subsystems at path C:/Program Files/Unity/Hub/Editor/2021.3.11f1/Editor/Data/Resources/UnitySubsystems
[Subsystems] Discovering subsystems at path C:/GS/UnityStudy/Lightless_Path/Lightless_Path/Assets
GfxDevice: creating device client; threaded=0; jobified=0
Direct3D:
    Version:  Direct3D 11.0 [level 11.1]
    Renderer: AMD Radeon(TM) Vega 8 Graphics (ID=0x15d8)
    Vendor:   ATI
    VRAM:     5089 MB
    Driver:   31.0.12029.4013
Initialize mono
Mono path[0] = 'C:/Program Files/Unity/Hub/Editor/2021.3.11f1/Editor/Data/Managed'
Mono path[1] = 'C:/Program Files/Unity/Hub/Editor/2021.3.11f1/Editor/Data/MonoBleedingEdge/lib/mono/unityjit-win32'
Mono config path = 'C:/Program Files/Unity/Hub/Editor/2021.3.11f1/Editor/Data/MonoBleedingEdge/etc'
Using monoOptions --debugger-agent=transport=dt_socket,embedding=1,server=y,suspend=n,address=127.0.0.1:56244
Begin MonoManager ReloadAssembly
Registering precompiled unity dll's ...
Register platform support module: C:/Program Files/Unity/Hub/Editor/2021.3.11f1/Editor/Data/PlaybackEngines/WindowsStandaloneSupport/UnityEditor.WindowsStandalone.Extensions.dll
Registered in 0.023000 seconds.
Native extension for WindowsStandalone target not found
Refreshing native plugins compatible for Editor in 127.51 ms, found 3 plugins.
Preloading 0 native plugins for Editor in 0.00 ms.
Mono: successfully reloaded assembly
- Completed reload, in  1.195 seconds
Domain Reload Profiling:
	ReloadAssembly (1197ms)
		BeginReloadAssembly (163ms)
			ExecutionOrderSort (0ms)
			DisableScriptedObjects (0ms)
			BackupInstance (0ms)
			ReleaseScriptingObjects (0ms)
			CreateAndSetChildDomain (1ms)
		EndReloadAssembly (803ms)
			LoadAssemblies (158ms)
			RebuildTransferFunctionScriptingTraits (0ms)
			SetupTypeCache (195ms)
			ReleaseScriptCaches (0ms)
			RebuildScriptCaches (54ms)
			SetupLoadedEditorAssemblies (451ms)
				LogAssemblyErrors (0ms)
				InitializePlatformSupportModulesInManaged (17ms)
				SetLoadedEditorAssemblies (0ms)
				RefreshPlugins (128ms)
				BeforeProcessingInitializeOnLoad (2ms)
				ProcessInitializeOnLoadAttributes (211ms)
				ProcessInitializeOnLoadMethodAttributes (92ms)
				AfterProcessingInitializeOnLoad (0ms)
				EditorAssembliesLoaded (0ms)
			ExecutionOrderSort2 (0ms)
			AwakeInstancesAfterBackupRestoration (0ms)
Platform modules already initialized, skipping
Registering precompiled user dll's ...
Registered in 0.024154 seconds.
Begin MonoManager ReloadAssembly
Symbol file LoadedFromMemory doesn't match image C:\GS\UnityStudy\Lightless_Path\Lightless_Path\Library\PackageCache\com.unity.visualscripting@1.8.0\Editor\VisualScripting.Core\Dependencies\YamlDotNet\Unity.VisualScripting.YamlDotNet.dll
Symbol file LoadedFromMemory doesn't match image C:\GS\UnityStudy\Lightless_Path\Lightless_Path\Library\PackageCache\com.unity.visualscripting@1.8.0\Editor\VisualScripting.Core\Dependencies\DotNetZip\Unity.VisualScripting.IonicZip.dll
Native extension for WindowsStandalone target not found
Refreshing native plugins compatible for Editor in 0.71 ms, found 3 plugins.
Preloading 0 native plugins for Editor in 0.00 ms.
Mono: successfully reloaded assembly
- Completed reload, in  1.862 seconds
Domain Reload Profiling:
	ReloadAssembly (1863ms)
		BeginReloadAssembly (214ms)
			ExecutionOrderSort (0ms)
			DisableScriptedObjects (8ms)
			BackupInstance (0ms)
			ReleaseScriptingObjects (0ms)
			CreateAndSetChildDomain (31ms)
		EndReloadAssembly (1432ms)
			LoadAssemblies (181ms)
			RebuildTransferFunctionScriptingTraits (0ms)
			SetupTypeCache (428ms)
			ReleaseScriptCaches (1ms)
			RebuildScriptCaches (82ms)
			SetupLoadedEditorAssemblies (692ms)
				LogAssemblyErrors (0ms)
				InitializePlatformSupportModulesInManaged (12ms)
				SetLoadedEditorAssemblies (1ms)
				RefreshPlugins (1ms)
				BeforeProcessingInitializeOnLoad (152ms)
				ProcessInitializeOnLoadAttributes (475ms)
				ProcessInitializeOnLoadMethodAttributes (33ms)
				AfterProcessingInitializeOnLoad (19ms)
				EditorAssembliesLoaded (0ms)
			ExecutionOrderSort2 (0ms)
			AwakeInstancesAfterBackupRestoration (21ms)
Platform modules already initialized, skipping
========================================================================
Worker process is ready to serve import requests
Launched and connected shader compiler UnityShaderCompiler.exe after 0.11 seconds
Refreshing native plugins compatible for Editor in 0.74 ms, found 3 plugins.
Preloading 0 native plugins for Editor in 0.00 ms.
Unloading 3037 Unused Serialized files (Serialized files now loaded: 0)
Unloading 24 unused Assets / (113.4 KB). Loaded Objects now: 3497.
Memory consumption went from 107.8 MB to 107.7 MB.
Total: 6.372800 ms (FindLiveObjects: 0.455300 ms CreateObjectMapping: 0.195800 ms MarkObjects: 5.484300 ms  DeleteObjects: 0.234900 ms)

AssetImportParameters requested are different than current active one (requested -> active):
  custom:video-decoder-ogg-theora: a1e56fd34408186e4bbccfd4996cb3dc -> 
  custom:container-muxer-webm: aa71ff27fc2769a1b78a27578f13a17b -> 
  custom:container-demuxer-webm: 4f35f7cbe854078d1ac9338744f61a02 -> 
  custom:video-encoder-webm-vp8: eb34c28f22e8b96e1ab97ce403110664 -> 
  custom:audio-encoder-webm-vorbis: bf7c407c2cedff20999df2af8eb42d56 -> 
  custom:framework-win-MediaFoundation: 216162199b28c13a410421893ffa2e32 -> 
  custom:container-demuxer-ogg: 62fdf1f143b41e24485cea50d1cbac27 -> 
  custom:video-decoder-webm-vp8: 9c59270c3fd7afecdb556c50c9e8de78 -> 
  custom:audio-decoder-ogg-vorbis: bf7c407c2cedff20999df2af8eb42d56 -> 
========================================================================
Received Import Request.
  Time since last request: 39694.629502 seconds.
  path: Assets/POLYGON city pack/Prefabs/Lamps/Lamp_1_prefab.prefab
  artifactKey: Guid(18f34cfb2ff07b34b82a0f8c7d75a020) Importer(815301076,1909f56bfc062723c751e8b465ee728b)
Start importing Assets/POLYGON city pack/Prefabs/Lamps/Lamp_1_prefab.prefab using Guid(18f34cfb2ff07b34b82a0f8c7d75a020) Importer(815301076,1909f56bfc062723c751e8b465ee728b)  -> (artifact id: 'a8bfbbff8655c7cf6b2df45a5f0ed1c2') in 0.407064 seconds 
========================================================================
Received Import Request.
  Time since last request: 0.000053 seconds.
  path: Assets/POLYGON city pack/Prefabs/Lamps/Lamp_4_prefab.prefab
  artifactKey: Guid(efbec96b2d3e0b5429a2e20c21fdfeda) Importer(815301076,1909f56bfc062723c751e8b465ee728b)
Start importing Assets/POLYGON city pack/Prefabs/Lamps/Lamp_4_prefab.prefab using Guid(efbec96b2d3e0b5429a2e20c21fdfeda) Importer(815301076,1909f56bfc062723c751e8b465ee728b)  -> (artifact id: '82a664c395e0578b213962953770bb96') in 0.064113 seconds 
========================================================================
Received Import Request.
  Time since last request: 0.000353 seconds.
  path: Assets/POLYGON city pack/Prefabs/Lamps/street lamp 2 prefab.prefab
  artifactKey: Guid(3744e668ae9047e4b9590c326355161c) Importer(815301076,1909f56bfc062723c751e8b465ee728b)
Start importing Assets/POLYGON city pack/Prefabs/Lamps/street lamp 2 prefab.prefab using Guid(3744e668ae9047e4b9590c326355161c) Importer(815301076,1909f56bfc062723c751e8b465ee728b)  -> (artifact id: 'ddd60fdea823b59db7bbd29746289bfe') in 0.060726 seconds 
========================================================================
Received Import Request.
  Time since last request: 0.000059 seconds.
  path: Assets/POLYGON city pack/Prefabs/Lamps/Lamp_3_prefab.prefab
  artifactKey: Guid(7c09194ef6a23a947948e105b6da62b2) Importer(815301076,1909f56bfc062723c751e8b465ee728b)
Start importing Assets/POLYGON city pack/Prefabs/Lamps/Lamp_3_prefab.prefab using Guid(7c09194ef6a23a947948e105b6da62b2) Importer(815301076,1909f56bfc062723c751e8b465ee728b)  -> (artifact id: 'cbf8394df5ca74a0f8e0b714cb791be8') in 0.044433 seconds 
========================================================================
Received Import Request.
  Time since last request: 0.078946 seconds.
  path: Assets/POLYGON city pack/Prefabs/Letters/Letter_A_Prefab.prefab
  artifactKey: Guid(486263a6295235a40a3ba56b8111437e) Importer(815301076,1909f56bfc062723c751e8b465ee728b)
Start importing Assets/POLYGON city pack/Prefabs/Letters/Letter_A_Prefab.prefab using Guid(486263a6295235a40a3ba56b8111437e) Importer(815301076,1909f56bfc062723c751e8b465ee728b)  -> (artifact id: 'b85dc8f332690f16aa267d672c281540') in 0.050429 seconds 
========================================================================
Received Import Request.
  Time since last request: 0.000066 seconds.
  path: Assets/POLYGON city pack/Prefabs/Letters/Letter_F_Prefab.prefab
  artifactKey: Guid(88e3cb9a63aebb648aafa17c2b585aef) Importer(815301076,1909f56bfc062723c751e8b465ee728b)
Start importing Assets/POLYGON city pack/Prefabs/Letters/Letter_F_Prefab.prefab using Guid(88e3cb9a63aebb648aafa17c2b585aef) Importer(815301076,1909f56bfc062723c751e8b465ee728b)  -> (artifact id: '49ee04b5692c3b5c3171c6766ea548ec') in 0.062984 seconds 
========================================================================
Received Import Request.
  Time since last request: 0.000090 seconds.
  path: Assets/POLYGON city pack/Prefabs/Letters/Letter_S_Prefab.prefab
  artifactKey: Guid(a853a23c8b083df4a88eb2fc76e64a7b) Importer(815301076,1909f56bfc062723c751e8b465ee728b)
Start importing Assets/POLYGON city pack/Prefabs/Letters/Letter_S_Prefab.prefab using Guid(a853a23c8b083df4a88eb2fc76e64a7b) Importer(815301076,1909f56bfc062723c751e8b465ee728b)  -> (artifact id: 'e110d67d7bc6521d1ffa4e06516042f6') in 0.042080 seconds 
========================================================================
Received Import Request.
  Time since last request: 0.000052 seconds.
  path: Assets/POLYGON city pack/Prefabs/Letters/Letter_X_Prefab.prefab
  artifactKey: Guid(2d6b3d1847e9e6f46902c988da524081) Importer(815301076,1909f56bfc062723c751e8b465ee728b)
Start importing Assets/POLYGON city pack/Prefabs/Letters/Letter_X_Prefab.prefab using Guid(2d6b3d1847e9e6f46902c988da524081) Importer(815301076,1909f56bfc062723c751e8b465ee728b)  -> (artifact id: 'd1af9758f81a6beb4f7aee3826e98b30') in 0.051950 seconds 
========================================================================
Received Import Request.
  Time since last request: 0.000091 seconds.
  path: Assets/POLYGON city pack/Prefabs/Letters/Letter_M_Prefab.prefab
  artifactKey: Guid(99425f43b7fcd40418bff56972c15b23) Importer(815301076,1909f56bfc062723c751e8b465ee728b)
Start importing Assets/POLYGON city pack/Prefabs/Letters/Letter_M_Prefab.prefab using Guid(99425f43b7fcd40418bff56972c15b23) Importer(815301076,1909f56bfc062723c751e8b465ee728b)  -> (artifact id: '94baa472c56d131e9efbe574706e2fda') in 0.060000 seconds 
========================================================================
Received Import Request.
  Time since last request: 0.000042 seconds.
  path: Assets/POLYGON city pack/Prefabs/Letters/Letter_J_Prefab.prefab
  artifactKey: Guid(7752320cf6198664eb1aca7ace852384) Importer(815301076,1909f56bfc062723c751e8b465ee728b)
Start importing Assets/POLYGON city pack/Prefabs/Letters/Letter_J_Prefab.prefab using Guid(7752320cf6198664eb1aca7ace852384) Importer(815301076,1909f56bfc062723c751e8b465ee728b)  -> (artifact id: 'b3272c736cc84a587f192d13dde4f720') in 0.053912 seconds 
========================================================================
Received Import Request.
  Time since last request: 0.000061 seconds.
  path: Assets/POLYGON city pack/Prefabs/Letters/Letter_T_Prefab.prefab
  artifactKey: Guid(624f250b25af37343ada3e052b9968b1) Importer(815301076,1909f56bfc062723c751e8b465ee728b)
Start importing Assets/POLYGON city pack/Prefabs/Letters/Letter_T_Prefab.prefab using Guid(624f250b25af37343ada3e052b9968b1) Importer(815301076,1909f56bfc062723c751e8b465ee728b)  -> (artifact id: '4e25ffbc373efcfac160a7a3830d03a0') in 0.044911 seconds 
========================================================================
Received Import Request.
  Time since last request: 0.000135 seconds.
  path: Assets/POLYGON city pack/Prefabs/Letters/Letter_K_Prefab.prefab
  artifactKey: Guid(c7464297316a22143a5cb70f3c732226) Importer(815301076,1909f56bfc062723c751e8b465ee728b)
Start importing Assets/POLYGON city pack/Prefabs/Letters/Letter_K_Prefab.prefab using Guid(c7464297316a22143a5cb70f3c732226) Importer(815301076,1909f56bfc062723c751e8b465ee728b)  -> (artifact id: '0037476b59d98c1d542d040c52a3cd45') in 0.055493 seconds 
========================================================================
Received Import Request.
  Time since last request: 0.000051 seconds.
  path: Assets/POLYGON city pack/Prefabs/Letters/Letter_W_Prefab.prefab
  artifactKey: Guid(524bd252d99a0cc44ac73104d16de0e0) Importer(815301076,1909f56bfc062723c751e8b465ee728b)
Start importing Assets/POLYGON city pack/Prefabs/Letters/Letter_W_Prefab.prefab using Guid(524bd252d99a0cc44ac73104d16de0e0) Importer(815301076,1909f56bfc062723c751e8b465ee728b)  -> (artifact id: '1ee8730dc55cc8d197040fae67ccacb4') in 0.052562 seconds 
========================================================================
Received Import Request.
  Time since last request: 0.000063 seconds.
  path: Assets/POLYGON city pack/Prefabs/Letters/Letter_R_Prefab.prefab
  artifactKey: Guid(61b323fb6c8919949b372fc09502107d) Importer(815301076,1909f56bfc062723c751e8b465ee728b)
Start importing Assets/POLYGON city pack/Prefabs/Letters/Letter_R_Prefab.prefab using Guid(61b323fb6c8919949b372fc09502107d) Importer(815301076,1909f56bfc062723c751e8b465ee728b)  -> (artifact id: '9e5e3b0b671d86fe2526651bd8b6677e') in 0.049519 seconds 
========================================================================
Received Import Request.
  Time since last request: 0.000056 seconds.
  path: Assets/POLYGON city pack/Prefabs/Letters/Letter_N_Prefab.prefab
  artifactKey: Guid(0778b4c717fc2d141bfacce1e4453883) Importer(815301076,1909f56bfc062723c751e8b465ee728b)
Start importing Assets/POLYGON city pack/Prefabs/Letters/Letter_N_Prefab.prefab using Guid(0778b4c717fc2d141bfacce1e4453883) Importer(815301076,1909f56bfc062723c751e8b465ee728b)  -> (artifact id: 'e20b272d5b651a5624d357356375e9d7') in 0.043446 seconds 
========================================================================
Received Import Request.
  Time since last request: 0.000077 seconds.
  path: Assets/POLYGON city pack/Prefabs/Letters/Letter_G_Prefab.prefab
  artifactKey: Guid(6487558c8141df54f8660f86fe691e58) Importer(815301076,1909f56bfc062723c751e8b465ee728b)
Start importing Assets/POLYGON city pack/Prefabs/Letters/Letter_G_Prefab.prefab using Guid(6487558c8141df54f8660f86fe691e58) Importer(815301076,1909f56bfc062723c751e8b465ee728b)  -> (artifact id: 'caebb5eda2e76b6c590fd0a5e5e28dba') in 0.043632 seconds 
========================================================================
Received Import Request.
  Time since last request: 4.653599 seconds.
  path: Assets/POLYGON city pack/Prefabs/Props/ATM_prefab.prefab
  artifactKey: Guid(971885f35036d834d9e87999c41920fe) Importer(815301076,1909f56bfc062723c751e8b465ee728b)
Start importing Assets/POLYGON city pack/Prefabs/Props/ATM_prefab.prefab using Guid(971885f35036d834d9e87999c41920fe) Importer(815301076,1909f56bfc062723c751e8b465ee728b)  -> (artifact id: 'cc8d52c73a75d812fe9a6b152ec7087c') in 0.048089 seconds 
========================================================================
Received Import Request.
  Time since last request: 0.000040 seconds.
  path: Assets/POLYGON city pack/Prefabs/Props/hedge 1m prefab.prefab
  artifactKey: Guid(21048f3cc3ec7d54286ad6aba869f84b) Importer(815301076,1909f56bfc062723c751e8b465ee728b)
Start importing Assets/POLYGON city pack/Prefabs/Props/hedge 1m prefab.prefab using Guid(21048f3cc3ec7d54286ad6aba869f84b) Importer(815301076,1909f56bfc062723c751e8b465ee728b)  -> (artifact id: '781d84c85b5a11035e4118ea8b53e07e') in 0.039794 seconds 
========================================================================
Received Import Request.
  Time since last request: 0.000101 seconds.
  path: Assets/POLYGON city pack/Prefabs/Props/mayonnaise prefab.prefab
  artifactKey: Guid(25b21e881a014da46bf94e610b2777b1) Importer(815301076,1909f56bfc062723c751e8b465ee728b)
Start importing Assets/POLYGON city pack/Prefabs/Props/mayonnaise prefab.prefab using Guid(25b21e881a014da46bf94e610b2777b1) Importer(815301076,1909f56bfc062723c751e8b465ee728b)  -> (artifact id: 'e4c446dc17704727772a8a2c8e63e285') in 0.040747 seconds 
========================================================================
Received Import Request.
  Time since last request: 0.000063 seconds.
  path: Assets/POLYGON city pack/Prefabs/Props/Stone 2 Prefab.prefab
  artifactKey: Guid(5a525eed3adce3248bcfd773cab5d126) Importer(815301076,1909f56bfc062723c751e8b465ee728b)
Start importing Assets/POLYGON city pack/Prefabs/Props/Stone 2 Prefab.prefab using Guid(5a525eed3adce3248bcfd773cab5d126) Importer(815301076,1909f56bfc062723c751e8b465ee728b)  -> (artifact id: '0a165daccb777670d25a0f8d4f9448f2') in 0.054606 seconds 
========================================================================
Received Import Request.
  Time since last request: 0.000046 seconds.
  path: Assets/POLYGON city pack/Prefabs/Props/Parking_barrier prefab.prefab
  artifactKey: Guid(a560b249e984af144b222ea1d93fe697) Importer(815301076,1909f56bfc062723c751e8b465ee728b)
Start importing Assets/POLYGON city pack/Prefabs/Props/Parking_barrier prefab.prefab using Guid(a560b249e984af144b222ea1d93fe697) Importer(815301076,1909f56bfc062723c751e8b465ee728b)  -> (artifact id: 'eb60f2a73bf9ec6055460cee9b3680d2') in 0.076804 seconds 
========================================================================
Received Import Request.
  Time since last request: 0.000054 seconds.
  path: Assets/POLYGON city pack/Prefabs/Props/GlassCola prefab.prefab
  artifactKey: Guid(d55339d5a4e0b8f41a0448068bd26f4e) Importer(815301076,1909f56bfc062723c751e8b465ee728b)
Start importing Assets/POLYGON city pack/Prefabs/Props/GlassCola prefab.prefab using Guid(d55339d5a4e0b8f41a0448068bd26f4e) Importer(815301076,1909f56bfc062723c751e8b465ee728b)  -> (artifact id: '5f03177467ca945bb2ea83cd0ca6c38e') in 0.050037 seconds 
========================================================================
Received Import Request.
  Time since last request: 0.000056 seconds.
  path: Assets/POLYGON city pack/Prefabs/Props/BurgerSho_Sign prefab.prefab
  artifactKey: Guid(331204bcfe96d5f4d83f7bdf75ea0873) Importer(815301076,1909f56bfc062723c751e8b465ee728b)
Start importing Assets/POLYGON city pack/Prefabs/Props/BurgerSho_Sign prefab.prefab using Guid(331204bcfe96d5f4d83f7bdf75ea0873) Importer(815301076,1909f56bfc062723c751e8b465ee728b)  -> (artifact id: '5df78a5502f943807af111dbd6c8d288') in 0.057108 seconds 
========================================================================
Received Import Request.
  Time since last request: 0.000085 seconds.
  path: Assets/POLYGON city pack/Prefabs/Props/Flower mass prefab.prefab
  artifactKey: Guid(3793ad411fa918d4685c2c4c1494c970) Importer(815301076,1909f56bfc062723c751e8b465ee728b)
Start importing Assets/POLYGON city pack/Prefabs/Props/Flower mass prefab.prefab using Guid(3793ad411fa918d4685c2c4c1494c970) Importer(815301076,1909f56bfc062723c751e8b465ee728b)  -> (artifact id: '0b0b29d474ffc4b4edc2fd294dd1aa9b') in 0.074913 seconds 
========================================================================
Received Import Request.
  Time since last request: 0.000048 seconds.
  path: Assets/POLYGON city pack/Prefabs/Props/bench prefab.prefab
  artifactKey: Guid(80c5916b9606ce646be16611d9a06d13) Importer(815301076,1909f56bfc062723c751e8b465ee728b)
Start importing Assets/POLYGON city pack/Prefabs/Props/bench prefab.prefab using Guid(80c5916b9606ce646be16611d9a06d13) Importer(815301076,1909f56bfc062723c751e8b465ee728b)  -> (artifact id: '0a05d3a0bc29243cbd7d90a149147d13') in 0.045373 seconds 
========================================================================
Received Import Request.
  Time since last request: 0.000053 seconds.
  path: Assets/POLYGON city pack/Prefabs/Props/Hydrant prefab.prefab
  artifactKey: Guid(abc98a3329f924b4680c86edde08968d) Importer(815301076,1909f56bfc062723c751e8b465ee728b)
Start importing Assets/POLYGON city pack/Prefabs/Props/Hydrant prefab.prefab using Guid(abc98a3329f924b4680c86edde08968d) Importer(815301076,1909f56bfc062723c751e8b465ee728b)  -> (artifact id: '993ab37b741a173e5251943917ccaf6c') in 0.052837 seconds 
========================================================================
Received Import Request.
  Time since last request: 0.000056 seconds.
  path: Assets/POLYGON city pack/Prefabs/Props/traffic_obj prefab.prefab
  artifactKey: Guid(b0c71b64a7dfbd74cb2f2acf7a3637a3) Importer(815301076,1909f56bfc062723c751e8b465ee728b)
Start importing Assets/POLYGON city pack/Prefabs/Props/traffic_obj prefab.prefab using Guid(b0c71b64a7dfbd74cb2f2acf7a3637a3) Importer(815301076,1909f56bfc062723c751e8b465ee728b)  -> (artifact id: 'a86e1529d4ce9c9779ad7da4a02fd533') in 0.045239 seconds 
========================================================================
Received Import Request.
  Time since last request: 0.000086 seconds.
  path: Assets/POLYGON city pack/Prefabs/Props/Pot_tree prefab.prefab
  artifactKey: Guid(8e00364320862a746a6e67a5af5e5979) Importer(815301076,1909f56bfc062723c751e8b465ee728b)
Start importing Assets/POLYGON city pack/Prefabs/Props/Pot_tree prefab.prefab using Guid(8e00364320862a746a6e67a5af5e5979) Importer(815301076,1909f56bfc062723c751e8b465ee728b)  -> (artifact id: '69562b687f59b4cb1f60c04ba13b96e9') in 0.059364 seconds 
========================================================================
Received Import Request.
  Time since last request: 0.000044 seconds.
  path: Assets/POLYGON city pack/Prefabs/Props/shopping cart prefab.prefab
  artifactKey: Guid(e70233268e8d3e64187fc14a41cacef0) Importer(815301076,1909f56bfc062723c751e8b465ee728b)
Start importing Assets/POLYGON city pack/Prefabs/Props/shopping cart prefab.prefab using Guid(e70233268e8d3e64187fc14a41cacef0) Importer(815301076,1909f56bfc062723c751e8b465ee728b)  -> (artifact id: '739c9e45fae9536c068eec2cade894b0') in 0.065888 seconds 
========================================================================
Received Import Request.
  Time since last request: 0.000051 seconds.
  path: Assets/POLYGON city pack/Prefabs/Props/Traffic light 4 Prefab.prefab
  artifactKey: Guid(334aad2b5d3ce18449f0aac7e90fe56e) Importer(815301076,1909f56bfc062723c751e8b465ee728b)
Start importing Assets/POLYGON city pack/Prefabs/Props/Traffic light 4 Prefab.prefab using Guid(334aad2b5d3ce18449f0aac7e90fe56e) Importer(815301076,1909f56bfc062723c751e8b465ee728b)  -> (artifact id: '92f209c077dc1d12c834bd357fa0a8d1') in 0.059498 seconds 
========================================================================
Received Import Request.
  Time since last request: 0.000057 seconds.
  path: Assets/POLYGON city pack/Prefabs/Props/electrcity box prefab.prefab
  artifactKey: Guid(00330848c56cf3e42aefd14a7ebd14c6) Importer(815301076,1909f56bfc062723c751e8b465ee728b)
Start importing Assets/POLYGON city pack/Prefabs/Props/electrcity box prefab.prefab using Guid(00330848c56cf3e42aefd14a7ebd14c6) Importer(815301076,1909f56bfc062723c751e8b465ee728b)  -> (artifact id: '28a6bb30da2c5edd2680dfeaa93fb5b4') in 0.047560 seconds 
========================================================================
Received Import Request.
  Time since last request: 0.000067 seconds.
  path: Assets/POLYGON city pack/Prefabs/Props/trashBag prefab.prefab
  artifactKey: Guid(b0bb4b9691721cf4791e1124d867edd8) Importer(815301076,1909f56bfc062723c751e8b465ee728b)
Start importing Assets/POLYGON city pack/Prefabs/Props/trashBag prefab.prefab using Guid(b0bb4b9691721cf4791e1124d867edd8) Importer(815301076,1909f56bfc062723c751e8b465ee728b)  -> (artifact id: '06027ec1aa459b4365e5b17ef1cee10c') in 0.046299 seconds 
========================================================================
Received Import Request.
  Time since last request: 0.000046 seconds.
  path: Assets/POLYGON city pack/Prefabs/Props/Flower 1 prefab D.prefab
  artifactKey: Guid(c1a6c832f3b6e494d80a048d5e7ff3e1) Importer(815301076,1909f56bfc062723c751e8b465ee728b)
Start importing Assets/POLYGON city pack/Prefabs/Props/Flower 1 prefab D.prefab using Guid(c1a6c832f3b6e494d80a048d5e7ff3e1) Importer(815301076,1909f56bfc062723c751e8b465ee728b)  -> (artifact id: 'e64cd83fd3eaadb37acef8cc42f04403') in 0.047282 seconds 
========================================================================
Received Import Request.
  Time since last request: 0.000054 seconds.
  path: Assets/POLYGON city pack/Prefabs/Props/Fence_B_2 prefab.prefab
  artifactKey: Guid(c469c07c5b45c454db32065c2f59b36b) Importer(815301076,1909f56bfc062723c751e8b465ee728b)
Start importing Assets/POLYGON city pack/Prefabs/Props/Fence_B_2 prefab.prefab using Guid(c469c07c5b45c454db32065c2f59b36b) Importer(815301076,1909f56bfc062723c751e8b465ee728b)  -> (artifact id: 'c2ae235177354095c44960dad6518749') in 0.049843 seconds 
========================================================================
Received Import Request.
  Time since last request: 0.000063 seconds.
  path: Assets/POLYGON city pack/Prefabs/Props/Grass_prefab.prefab
  artifactKey: Guid(e3ee9b4631379bf44b7e076739afa41e) Importer(815301076,1909f56bfc062723c751e8b465ee728b)
Start importing Assets/POLYGON city pack/Prefabs/Props/Grass_prefab.prefab using Guid(e3ee9b4631379bf44b7e076739afa41e) Importer(815301076,1909f56bfc062723c751e8b465ee728b)  -> (artifact id: '1ff8ec0f69b1e9835b1efb90607fb0fa') in 0.051347 seconds 
========================================================================
Received Import Request.
  Time since last request: 0.000060 seconds.
  path: Assets/POLYGON city pack/Prefabs/Props/Mail_box prefab.prefab
  artifactKey: Guid(3f3f0ad0013c05f478f38f3920e05817) Importer(815301076,1909f56bfc062723c751e8b465ee728b)
Start importing Assets/POLYGON city pack/Prefabs/Props/Mail_box prefab.prefab using Guid(3f3f0ad0013c05f478f38f3920e05817) Importer(815301076,1909f56bfc062723c751e8b465ee728b)  -> (artifact id: '709df944d85a64d0ae2258ceb206ad5e') in 0.048077 seconds 
========================================================================
Received Import Request.
  Time since last request: 0.000072 seconds.
  path: Assets/POLYGON city pack/Prefabs/Props/Stone 3 Prefab.prefab
  artifactKey: Guid(5d51484289d125e48b3eecf5fbd4d7c9) Importer(815301076,1909f56bfc062723c751e8b465ee728b)
Start importing Assets/POLYGON city pack/Prefabs/Props/Stone 3 Prefab.prefab using Guid(5d51484289d125e48b3eecf5fbd4d7c9) Importer(815301076,1909f56bfc062723c751e8b465ee728b)  -> (artifact id: '1d16609e7da590e8e52d9deab1752f33') in 0.051193 seconds 
========================================================================
Received Import Request.
  Time since last request: 0.000053 seconds.
  path: Assets/POLYGON city pack/Prefabs/Props/trashcan prefab 1.prefab
  artifactKey: Guid(ef0db6475b65e3f4caf48f2481a05f13) Importer(815301076,1909f56bfc062723c751e8b465ee728b)
Start importing Assets/POLYGON city pack/Prefabs/Props/trashcan prefab 1.prefab using Guid(ef0db6475b65e3f4caf48f2481a05f13) Importer(815301076,1909f56bfc062723c751e8b465ee728b)  -> (artifact id: '8ecd2507f16e0e1d34570c36fff7c762') in 0.054865 seconds 
========================================================================
Received Import Request.
  Time since last request: 0.000041 seconds.
  path: Assets/POLYGON city pack/Prefabs/Props/Flower 1 prefab C.prefab
  artifactKey: Guid(f5b753a0f2ae4e3448b73f8f56e8c157) Importer(815301076,1909f56bfc062723c751e8b465ee728b)
Start importing Assets/POLYGON city pack/Prefabs/Props/Flower 1 prefab C.prefab using Guid(f5b753a0f2ae4e3448b73f8f56e8c157) Importer(815301076,1909f56bfc062723c751e8b465ee728b)  -> (artifact id: 'e7e66fb6f294dbc31b1dae8810ca793e') in 0.044336 seconds 
========================================================================
Received Import Request.
  Time since last request: 0.000056 seconds.
  path: Assets/POLYGON city pack/Prefabs/Props/Bench 2 prefab.prefab
  artifactKey: Guid(c954a7e383194f246b3502f6c815acb4) Importer(815301076,1909f56bfc062723c751e8b465ee728b)
Start importing Assets/POLYGON city pack/Prefabs/Props/Bench 2 prefab.prefab using Guid(c954a7e383194f246b3502f6c815acb4) Importer(815301076,1909f56bfc062723c751e8b465ee728b)  -> (artifact id: '4c6d2de01fdc230e3848bb7f58659953') in 0.045002 seconds 
========================================================================
Received Import Request.
  Time since last request: 0.000048 seconds.
  path: Assets/POLYGON city pack/Prefabs/Props/flower 3 prefab.prefab
  artifactKey: Guid(6b24ffcfe69c69248a5197ca61cb57bf) Importer(815301076,1909f56bfc062723c751e8b465ee728b)
Start importing Assets/POLYGON city pack/Prefabs/Props/flower 3 prefab.prefab using Guid(6b24ffcfe69c69248a5197ca61cb57bf) Importer(815301076,1909f56bfc062723c751e8b465ee728b)  -> (artifact id: 'ecda85bd9346d24dc5e7e81cb45482a2') in 0.047339 seconds 
========================================================================
Received Import Request.
  Time since last request: 0.000059 seconds.
  path: Assets/POLYGON city pack/Prefabs/Props/Flower 1 prefab B.prefab
  artifactKey: Guid(e5a1a9b64f8e53f489e80aa11edd54b0) Importer(815301076,1909f56bfc062723c751e8b465ee728b)
Start importing Assets/POLYGON city pack/Prefabs/Props/Flower 1 prefab B.prefab using Guid(e5a1a9b64f8e53f489e80aa11edd54b0) Importer(815301076,1909f56bfc062723c751e8b465ee728b)  -> (artifact id: 'bc61178621aa9a86bff0858a248a0ba3') in 0.043911 seconds 
========================================================================
Received Import Request.
  Time since last request: 0.000034 seconds.
  path: Assets/POLYGON city pack/Prefabs/Props/Wall 1 prefab.prefab
  artifactKey: Guid(effb1b31d7e11a54e9b051312c1a2ee4) Importer(815301076,1909f56bfc062723c751e8b465ee728b)
Start importing Assets/POLYGON city pack/Prefabs/Props/Wall 1 prefab.prefab using Guid(effb1b31d7e11a54e9b051312c1a2ee4) Importer(815301076,1909f56bfc062723c751e8b465ee728b)  -> (artifact id: '96b305e48a13b93f9a45b499f1a911ed') in 0.042660 seconds 
========================================================================
Received Import Request.
  Time since last request: 0.000042 seconds.
  path: Assets/POLYGON city pack/Prefabs/Props/Wall 5 prefab.prefab
  artifactKey: Guid(ba471d562324e9c499483b4816ba3be0) Importer(815301076,1909f56bfc062723c751e8b465ee728b)
Start importing Assets/POLYGON city pack/Prefabs/Props/Wall 5 prefab.prefab using Guid(ba471d562324e9c499483b4816ba3be0) Importer(815301076,1909f56bfc062723c751e8b465ee728b)  -> (artifact id: '13bef6514a924354c0d51322342457a3') in 0.047557 seconds 
========================================================================
Received Import Request.
  Time since last request: 0.000043 seconds.
  path: Assets/POLYGON city pack/Prefabs/Props/Wall 2 prefab.prefab
  artifactKey: Guid(9256d77e61c437a4a9afb333ff47af4d) Importer(815301076,1909f56bfc062723c751e8b465ee728b)
Start importing Assets/POLYGON city pack/Prefabs/Props/Wall 2 prefab.prefab using Guid(9256d77e61c437a4a9afb333ff47af4d) Importer(815301076,1909f56bfc062723c751e8b465ee728b)  -> (artifact id: '74ee335ae39a48c72cb380e4afcc07d7') in 0.044215 seconds 
========================================================================
Received Import Request.
  Time since last request: 0.000068 seconds.
  path: Assets/POLYGON city pack/Prefabs/Props/wrench prefab.prefab
  artifactKey: Guid(b3fc4a46e12c3c9438328b649f2ba084) Importer(815301076,1909f56bfc062723c751e8b465ee728b)
Start importing Assets/POLYGON city pack/Prefabs/Props/wrench prefab.prefab using Guid(b3fc4a46e12c3c9438328b649f2ba084) Importer(815301076,1909f56bfc062723c751e8b465ee728b)  -> (artifact id: 'f5fcd9b5301f5bd41aa25ba4ece4b96c') in 0.047403 seconds 
========================================================================
Received Import Request.
  Time since last request: 0.000082 seconds.
  path: Assets/POLYGON city pack/Prefabs/Props/ColaMachine prefab.prefab
  artifactKey: Guid(2bf7da734f1a8224fb14055902b5b343) Importer(815301076,1909f56bfc062723c751e8b465ee728b)
Start importing Assets/POLYGON city pack/Prefabs/Props/ColaMachine prefab.prefab using Guid(2bf7da734f1a8224fb14055902b5b343) Importer(815301076,1909f56bfc062723c751e8b465ee728b)  -> (artifact id: '2ccb89b08dafe7e26da8c22e39c2598f') in 0.047002 seconds 
========================================================================
Received Import Request.
  Time since last request: 0.000060 seconds.
  path: Assets/POLYGON city pack/Prefabs/Props/platt sign 3 prefab.prefab
  artifactKey: Guid(99bdf8c075f79ec499c340f68f8d6ca2) Importer(815301076,1909f56bfc062723c751e8b465ee728b)
Start importing Assets/POLYGON city pack/Prefabs/Props/platt sign 3 prefab.prefab using Guid(99bdf8c075f79ec499c340f68f8d6ca2) Importer(815301076,1909f56bfc062723c751e8b465ee728b)  -> (artifact id: 'b4160a73c726e9b22d59a94ba0046f34') in 0.068502 seconds 
========================================================================
Received Import Request.
  Time since last request: 0.000064 seconds.
  path: Assets/POLYGON city pack/Prefabs/Props/Tree prefab.prefab
  artifactKey: Guid(1be61187b5d765449be824463642cb0f) Importer(815301076,1909f56bfc062723c751e8b465ee728b)
Start importing Assets/POLYGON city pack/Prefabs/Props/Tree prefab.prefab using Guid(1be61187b5d765449be824463642cb0f) Importer(815301076,1909f56bfc062723c751e8b465ee728b)  -> (artifact id: '5f035bef4e6203e7d3a1f2aecdf834e3') in 0.045136 seconds 
========================================================================
Received Import Request.
  Time since last request: 0.000049 seconds.
  path: Assets/POLYGON city pack/Prefabs/Props/parking meter prefab.prefab
  artifactKey: Guid(dbdf3da5684f16d4fb4464f7337c942e) Importer(815301076,1909f56bfc062723c751e8b465ee728b)
Start importing Assets/POLYGON city pack/Prefabs/Props/parking meter prefab.prefab using Guid(dbdf3da5684f16d4fb4464f7337c942e) Importer(815301076,1909f56bfc062723c751e8b465ee728b)  -> (artifact id: '9dd867563ee4a830e3883f1ce99a09a6') in 0.044630 seconds 
========================================================================
Received Import Request.
  Time since last request: 0.000090 seconds.
  path: Assets/POLYGON city pack/Prefabs/Props/platt sign 1 prefab.prefab
  artifactKey: Guid(d646b8ef31f0dac4aac6c8c3c1be41ef) Importer(815301076,1909f56bfc062723c751e8b465ee728b)
Start importing Assets/POLYGON city pack/Prefabs/Props/platt sign 1 prefab.prefab using Guid(d646b8ef31f0dac4aac6c8c3c1be41ef) Importer(815301076,1909f56bfc062723c751e8b465ee728b)  -> (artifact id: '40beae01947753de67f85d64e4afc3f0') in 0.045214 seconds 
========================================================================
Received Import Request.
  Time since last request: 0.000089 seconds.
  path: Assets/POLYGON city pack/Prefabs/Props/platt sign 2 prefab.prefab
  artifactKey: Guid(63708caac38471a45b6ba845efc890e8) Importer(815301076,1909f56bfc062723c751e8b465ee728b)
Start importing Assets/POLYGON city pack/Prefabs/Props/platt sign 2 prefab.prefab using Guid(63708caac38471a45b6ba845efc890e8) Importer(815301076,1909f56bfc062723c751e8b465ee728b)  -> (artifact id: 'cec0f5bd4e4a829252e9a33a34974e20') in 0.043666 seconds 
========================================================================
Received Import Request.
  Time since last request: 0.000059 seconds.
  path: Assets/POLYGON city pack/Prefabs/Props/drain 1 prefab.prefab
  artifactKey: Guid(0222be6389069a24db934273f2a9f031) Importer(815301076,1909f56bfc062723c751e8b465ee728b)
Start importing Assets/POLYGON city pack/Prefabs/Props/drain 1 prefab.prefab using Guid(0222be6389069a24db934273f2a9f031) Importer(815301076,1909f56bfc062723c751e8b465ee728b)  -> (artifact id: '8558b9195d839fece6b3a43f8d563937') in 0.043931 seconds 
========================================================================
Received Import Request.
  Time since last request: 0.000051 seconds.
  path: Assets/POLYGON city pack/Prefabs/Props/Can_cola 2 prefab.prefab
  artifactKey: Guid(95ad7e2cecb192d43a4a02f1b422beed) Importer(815301076,1909f56bfc062723c751e8b465ee728b)
Start importing Assets/POLYGON city pack/Prefabs/Props/Can_cola 2 prefab.prefab using Guid(95ad7e2cecb192d43a4a02f1b422beed) Importer(815301076,1909f56bfc062723c751e8b465ee728b)  -> (artifact id: '4aef00126307be49b1f7f95dbe6b691c') in 0.038545 seconds 
Editor requested this worker to shutdown with reason: Scaling down because of idle timeout
AssetImportWorker is now disconnected from the server
Process exiting
Exiting without the bug reporter. Application will terminate with return code 0