Using pre-set license
Built from '2021.3/staging' branch; Version is '2021.3.11f1 (0a5ca18544bf) revision 679073'; Using compiler version '192829333'; Build Type 'Release'
OS: 'Windows 11  (10.0.22621) 64bit Education' Language: 'ko' Physical Memory: 10178 MB
BatchMode: 1, IsHumanControllingUs: 0, StartBugReporterOnCrash: 0, Is64bit: 1, IsPro: 1

COMMAND LINE ARGUMENTS:
C:\Program Files\Unity\Hub\Editor\2021.3.11f1\Editor\Unity.exe
-adb2
-batchMode
-noUpm
-name
AssetImportWorker8
-projectPath
C:/GS/UnityStudy/Lightless_Path/Lightless_Path
-logFile
Logs/AssetImportWorker8.log
-srvPort
51757
Successfully changed project path to: C:/GS/UnityStudy/Lightless_Path/Lightless_Path
C:/GS/UnityStudy/Lightless_Path/Lightless_Path
[UnityMemory] Configuration Parameters - Can be set up in boot.config
    "memorysetup-bucket-allocator-granularity=16"
    "memorysetup-bucket-allocator-bucket-count=8"
    "memorysetup-bucket-allocator-block-size=33554432"
    "memorysetup-bucket-allocator-block-count=8"
    "memorysetup-main-allocator-block-size=16777216"
    "memorysetup-thread-allocator-block-size=16777216"
    "memorysetup-gfx-main-allocator-block-size=16777216"
    "memorysetup-gfx-thread-allocator-block-size=16777216"
    "memorysetup-cache-allocator-block-size=4194304"
    "memorysetup-typetree-allocator-block-size=2097152"
    "memorysetup-profiler-bucket-allocator-granularity=16"
    "memorysetup-profiler-bucket-allocator-bucket-count=8"
    "memorysetup-profiler-bucket-allocator-block-size=33554432"
    "memorysetup-profiler-bucket-allocator-block-count=8"
    "memorysetup-profiler-allocator-block-size=16777216"
    "memorysetup-profiler-editor-allocator-block-size=1048576"
    "memorysetup-temp-allocator-size-main=16777216"
    "memorysetup-job-temp-allocator-block-size=2097152"
    "memorysetup-job-temp-allocator-block-size-background=1048576"
    "memorysetup-job-temp-allocator-reduction-small-platforms=262144"
    "memorysetup-temp-allocator-size-background-worker=32768"
    "memorysetup-temp-allocator-size-job-worker=262144"
    "memorysetup-temp-allocator-size-preload-manager=33554432"
    "memorysetup-temp-allocator-size-nav-mesh-worker=65536"
    "memorysetup-temp-allocator-size-audio-worker=65536"
    "memorysetup-temp-allocator-size-cloud-worker=32768"
    "memorysetup-temp-allocator-size-gi-baking-worker=262144"
    "memorysetup-temp-allocator-size-gfx=262144"
Refreshing native plugins compatible for Editor in 293.99 ms, found 3 plugins.
Preloading 0 native plugins for Editor in 0.00 ms.
Initialize engine version: 2021.3.11f1 (0a5ca18544bf)
[Subsystems] Discovering subsystems at path C:/Program Files/Unity/Hub/Editor/2021.3.11f1/Editor/Data/Resources/UnitySubsystems
[Subsystems] Discovering subsystems at path C:/GS/UnityStudy/Lightless_Path/Lightless_Path/Assets
GfxDevice: creating device client; threaded=0; jobified=0
Direct3D:
    Version:  Direct3D 11.0 [level 11.1]
    Renderer: AMD Radeon(TM) Vega 8 Graphics (ID=0x15d8)
    Vendor:   ATI
    VRAM:     5089 MB
    Driver:   31.0.12029.4013
Initialize mono
Mono path[0] = 'C:/Program Files/Unity/Hub/Editor/2021.3.11f1/Editor/Data/Managed'
Mono path[1] = 'C:/Program Files/Unity/Hub/Editor/2021.3.11f1/Editor/Data/MonoBleedingEdge/lib/mono/unityjit-win32'
Mono config path = 'C:/Program Files/Unity/Hub/Editor/2021.3.11f1/Editor/Data/MonoBleedingEdge/etc'
Using monoOptions --debugger-agent=transport=dt_socket,embedding=1,server=y,suspend=n,address=127.0.0.1:56000
Begin MonoManager ReloadAssembly
Registering precompiled unity dll's ...
Register platform support module: C:/Program Files/Unity/Hub/Editor/2021.3.11f1/Editor/Data/PlaybackEngines/WindowsStandaloneSupport/UnityEditor.WindowsStandalone.Extensions.dll
Registered in 0.020109 seconds.
Native extension for WindowsStandalone target not found
Refreshing native plugins compatible for Editor in 122.54 ms, found 3 plugins.
Preloading 0 native plugins for Editor in 0.00 ms.
Mono: successfully reloaded assembly
- Completed reload, in  1.288 seconds
Domain Reload Profiling:
	ReloadAssembly (1289ms)
		BeginReloadAssembly (219ms)
			ExecutionOrderSort (0ms)
			DisableScriptedObjects (0ms)
			BackupInstance (0ms)
			ReleaseScriptingObjects (0ms)
			CreateAndSetChildDomain (2ms)
		EndReloadAssembly (846ms)
			LoadAssemblies (211ms)
			RebuildTransferFunctionScriptingTraits (0ms)
			SetupTypeCache (181ms)
			ReleaseScriptCaches (0ms)
			RebuildScriptCaches (78ms)
			SetupLoadedEditorAssemblies (476ms)
				LogAssemblyErrors (0ms)
				InitializePlatformSupportModulesInManaged (20ms)
				SetLoadedEditorAssemblies (0ms)
				RefreshPlugins (123ms)
				BeforeProcessingInitializeOnLoad (2ms)
				ProcessInitializeOnLoadAttributes (242ms)
				ProcessInitializeOnLoadMethodAttributes (90ms)
				AfterProcessingInitializeOnLoad (0ms)
				EditorAssembliesLoaded (0ms)
			ExecutionOrderSort2 (0ms)
			AwakeInstancesAfterBackupRestoration (0ms)
Platform modules already initialized, skipping
Registering precompiled user dll's ...
Registered in 0.020007 seconds.
Begin MonoManager ReloadAssembly
Symbol file LoadedFromMemory doesn't match image C:\GS\UnityStudy\Lightless_Path\Lightless_Path\Library\PackageCache\com.unity.visualscripting@1.8.0\Editor\VisualScripting.Core\Dependencies\YamlDotNet\Unity.VisualScripting.YamlDotNet.dll
Symbol file LoadedFromMemory doesn't match image C:\GS\UnityStudy\Lightless_Path\Lightless_Path\Library\PackageCache\com.unity.visualscripting@1.8.0\Editor\VisualScripting.Core\Dependencies\DotNetZip\Unity.VisualScripting.IonicZip.dll
Native extension for WindowsStandalone target not found
Refreshing native plugins compatible for Editor in 0.79 ms, found 3 plugins.
Preloading 0 native plugins for Editor in 0.00 ms.
Mono: successfully reloaded assembly
- Completed reload, in  1.939 seconds
Domain Reload Profiling:
	ReloadAssembly (1940ms)
		BeginReloadAssembly (223ms)
			ExecutionOrderSort (0ms)
			DisableScriptedObjects (9ms)
			BackupInstance (0ms)
			ReleaseScriptingObjects (0ms)
			CreateAndSetChildDomain (33ms)
		EndReloadAssembly (1527ms)
			LoadAssemblies (188ms)
			RebuildTransferFunctionScriptingTraits (0ms)
			SetupTypeCache (505ms)
			ReleaseScriptCaches (1ms)
			RebuildScriptCaches (90ms)
			SetupLoadedEditorAssemblies (674ms)
				LogAssemblyErrors (0ms)
				InitializePlatformSupportModulesInManaged (10ms)
				SetLoadedEditorAssemblies (1ms)
				RefreshPlugins (1ms)
				BeforeProcessingInitializeOnLoad (134ms)
				ProcessInitializeOnLoadAttributes (461ms)
				ProcessInitializeOnLoadMethodAttributes (43ms)
				AfterProcessingInitializeOnLoad (24ms)
				EditorAssembliesLoaded (0ms)
			ExecutionOrderSort2 (0ms)
			AwakeInstancesAfterBackupRestoration (23ms)
Platform modules already initialized, skipping
========================================================================
Worker process is ready to serve import requests
Launched and connected shader compiler UnityShaderCompiler.exe after 0.13 seconds
Refreshing native plugins compatible for Editor in 0.98 ms, found 3 plugins.
Preloading 0 native plugins for Editor in 0.00 ms.
Unloading 3037 Unused Serialized files (Serialized files now loaded: 0)
Unloading 24 unused Assets / (113.4 KB). Loaded Objects now: 3497.
Memory consumption went from 107.8 MB to 107.7 MB.
Total: 5.528100 ms (FindLiveObjects: 0.445000 ms CreateObjectMapping: 0.517900 ms MarkObjects: 4.399400 ms  DeleteObjects: 0.163400 ms)

AssetImportParameters requested are different than current active one (requested -> active):
  custom:video-decoder-ogg-theora: a1e56fd34408186e4bbccfd4996cb3dc -> 
  custom:container-muxer-webm: aa71ff27fc2769a1b78a27578f13a17b -> 
  custom:container-demuxer-webm: 4f35f7cbe854078d1ac9338744f61a02 -> 
  custom:video-encoder-webm-vp8: eb34c28f22e8b96e1ab97ce403110664 -> 
  custom:audio-encoder-webm-vorbis: bf7c407c2cedff20999df2af8eb42d56 -> 
  custom:framework-win-MediaFoundation: 216162199b28c13a410421893ffa2e32 -> 
  custom:container-demuxer-ogg: 62fdf1f143b41e24485cea50d1cbac27 -> 
  custom:video-decoder-webm-vp8: 9c59270c3fd7afecdb556c50c9e8de78 -> 
  custom:audio-decoder-ogg-vorbis: bf7c407c2cedff20999df2af8eb42d56 -> 
========================================================================
Received Import Request.
  Time since last request: 40649.986517 seconds.
  path: Assets/POLYGON city pack/Materials/traffic light
  artifactKey: Guid(41f9aa48694499448963af270f170e28) Importer(815301076,1909f56bfc062723c751e8b465ee728b)
Start importing Assets/POLYGON city pack/Materials/traffic light using Guid(41f9aa48694499448963af270f170e28) Importer(815301076,1909f56bfc062723c751e8b465ee728b)  -> (artifact id: 'df4624bb1e13338adf1ad1a8456f7985') in 0.023094 seconds 
========================================================================
Received Import Request.
  Time since last request: 23.538680 seconds.
  path: Assets/POLYGON city pack/Meshes,textures/Shops_FBX/Materials/Windows_03.mat
  artifactKey: Guid(3a23e203bfea4c748ae4c2a17b3537a3) Importer(815301076,1909f56bfc062723c751e8b465ee728b)
Start importing Assets/POLYGON city pack/Meshes,textures/Shops_FBX/Materials/Windows_03.mat using Guid(3a23e203bfea4c748ae4c2a17b3537a3) Importer(815301076,1909f56bfc062723c751e8b465ee728b)  -> (artifact id: '9d96eb1584635461762aed9b78952a93') in 0.311037 seconds 
========================================================================
Received Import Request.
  Time since last request: 1.364269 seconds.
  path: Assets/POLYGON city pack/Materials/color_windows/Windows light 2.mat
  artifactKey: Guid(763d547f29cebc443a26da20545010dd) Importer(815301076,1909f56bfc062723c751e8b465ee728b)
Start importing Assets/POLYGON city pack/Materials/color_windows/Windows light 2.mat using Guid(763d547f29cebc443a26da20545010dd) Importer(815301076,1909f56bfc062723c751e8b465ee728b)  -> (artifact id: 'b54fe3dab089a4559237bbcd9730db67') in 0.047199 seconds 
========================================================================
Received Import Request.
  Time since last request: 0.000044 seconds.
  path: Assets/POLYGON city pack/Meshes,textures/Buildings_FBX/Materials/Windows_02.mat
  artifactKey: Guid(d284624274cd78b4caeea6e8ff564feb) Importer(815301076,1909f56bfc062723c751e8b465ee728b)
Start importing Assets/POLYGON city pack/Meshes,textures/Buildings_FBX/Materials/Windows_02.mat using Guid(d284624274cd78b4caeea6e8ff564feb) Importer(815301076,1909f56bfc062723c751e8b465ee728b)  -> (artifact id: 'de0cee89a932fb92c7d0790fac1d6463') in 0.044802 seconds 
========================================================================
Received Import Request.
  Time since last request: 0.000063 seconds.
  path: Assets/POLYGON city pack/Meshes,textures/Shops_FBX/Materials/Windows_01.mat
  artifactKey: Guid(70f2d2cd11b423f4a833930ec7631749) Importer(815301076,1909f56bfc062723c751e8b465ee728b)
Start importing Assets/POLYGON city pack/Meshes,textures/Shops_FBX/Materials/Windows_01.mat using Guid(70f2d2cd11b423f4a833930ec7631749) Importer(815301076,1909f56bfc062723c751e8b465ee728b)  -> (artifact id: '4bfd7f40199df9d0630f071bdfddfb45') in 0.032052 seconds 
========================================================================
Received Import Request.
  Time since last request: 0.059096 seconds.
  path: Assets/POLYGON city pack/Meshes,textures/Buildings_FBX/Materials/Window_frames_02.mat
  artifactKey: Guid(ec07795990f586146bb4e722e020e7b9) Importer(815301076,1909f56bfc062723c751e8b465ee728b)
Start importing Assets/POLYGON city pack/Meshes,textures/Buildings_FBX/Materials/Window_frames_02.mat using Guid(ec07795990f586146bb4e722e020e7b9) Importer(815301076,1909f56bfc062723c751e8b465ee728b)  -> (artifact id: '44b0d3c3b72dd9c02f5e687855f7b596') in 0.043537 seconds 
========================================================================
Received Import Request.
  Time since last request: 0.000053 seconds.
  path: Assets/POLYGON city pack/Meshes,textures/Buildings_FBX/Materials/Windows 3.mat
  artifactKey: Guid(2f5a2fc8138763d48a258ec6f0c94ce5) Importer(815301076,1909f56bfc062723c751e8b465ee728b)
Start importing Assets/POLYGON city pack/Meshes,textures/Buildings_FBX/Materials/Windows 3.mat using Guid(2f5a2fc8138763d48a258ec6f0c94ce5) Importer(815301076,1909f56bfc062723c751e8b465ee728b)  -> (artifact id: '1cab4cc3aeadc174d7cf8e9180b8587c') in 0.064620 seconds 
========================================================================
Received Import Request.
  Time since last request: 0.000048 seconds.
  path: Assets/POLYGON city pack/Meshes,textures/Buildings_FBX/Materials/windows 2.mat
  artifactKey: Guid(eadcd8d8f1590a54b8d8a391b067e3ef) Importer(815301076,1909f56bfc062723c751e8b465ee728b)
Start importing Assets/POLYGON city pack/Meshes,textures/Buildings_FBX/Materials/windows 2.mat using Guid(eadcd8d8f1590a54b8d8a391b067e3ef) Importer(815301076,1909f56bfc062723c751e8b465ee728b)  -> (artifact id: '3f2bebbd3cda6c8c1911cf90e0e00d3b') in 0.042804 seconds 
========================================================================
Received Import Request.
  Time since last request: 0.174611 seconds.
  path: Assets/POLYGON city pack/Meshes,textures/Buildings_FBX/Materials/window flap.mat
  artifactKey: Guid(32e83a9978f65e5489a436a1cc07ced1) Importer(815301076,1909f56bfc062723c751e8b465ee728b)
Start importing Assets/POLYGON city pack/Meshes,textures/Buildings_FBX/Materials/window flap.mat using Guid(32e83a9978f65e5489a436a1cc07ced1) Importer(815301076,1909f56bfc062723c751e8b465ee728b)  -> (artifact id: 'af09e5f0f7a2f583538a932f62bb8da5') in 0.048624 seconds 
========================================================================
Received Import Request.
  Time since last request: 0.000053 seconds.
  path: Assets/POLYGON city pack/Meshes,textures/Buildings_FBX/Materials/white.mat
  artifactKey: Guid(0ffdfe26f007c39478c7274248dcea0e) Importer(815301076,1909f56bfc062723c751e8b465ee728b)
Start importing Assets/POLYGON city pack/Meshes,textures/Buildings_FBX/Materials/white.mat using Guid(0ffdfe26f007c39478c7274248dcea0e) Importer(815301076,1909f56bfc062723c751e8b465ee728b)  -> (artifact id: 'd602bc43f72daedb376f31904bafbc15') in 0.040789 seconds 
========================================================================
Received Import Request.
  Time since last request: 0.000551 seconds.
  path: Assets/POLYGON city pack/Meshes,textures/Shops_FBX/Materials/Window_frames.mat
  artifactKey: Guid(c7c63366b5471dc4dac5a333248020e3) Importer(815301076,1909f56bfc062723c751e8b465ee728b)
Start importing Assets/POLYGON city pack/Meshes,textures/Shops_FBX/Materials/Window_frames.mat using Guid(c7c63366b5471dc4dac5a333248020e3) Importer(815301076,1909f56bfc062723c751e8b465ee728b)  -> (artifact id: '8df38d4bffcffe7a8678a74bb79ef894') in 0.045775 seconds 
========================================================================
Received Import Request.
  Time since last request: 0.000043 seconds.
  path: Assets/POLYGON city pack/Meshes,textures/Buildings_FBX/Materials/WhiteWood.mat
  artifactKey: Guid(5f273051f61813b4ab4a858d0cc95614) Importer(815301076,1909f56bfc062723c751e8b465ee728b)
Start importing Assets/POLYGON city pack/Meshes,textures/Buildings_FBX/Materials/WhiteWood.mat using Guid(5f273051f61813b4ab4a858d0cc95614) Importer(815301076,1909f56bfc062723c751e8b465ee728b)  -> (artifact id: '7780752a60e042f91f9d685e8c62687c') in 0.055205 seconds 
========================================================================
Received Import Request.
  Time since last request: 0.000052 seconds.
  path: Assets/POLYGON city pack/Meshes,textures/Shops_FBX/Materials/Window_frame.mat
  artifactKey: Guid(c4030c76fa38da2428b2b850b66f0ea8) Importer(815301076,1909f56bfc062723c751e8b465ee728b)
Start importing Assets/POLYGON city pack/Meshes,textures/Shops_FBX/Materials/Window_frame.mat using Guid(c4030c76fa38da2428b2b850b66f0ea8) Importer(815301076,1909f56bfc062723c751e8b465ee728b)  -> (artifact id: 'f809219a76440016ca4bb1cdc2521cee') in 0.058529 seconds 
========================================================================
Received Import Request.
  Time since last request: 0.000051 seconds.
  path: Assets/POLYGON city pack/Materials/Material_meshs/trashcan.mat
  artifactKey: Guid(a33d51cf45695ce4e862ea7fd9727a58) Importer(815301076,1909f56bfc062723c751e8b465ee728b)
Start importing Assets/POLYGON city pack/Materials/Material_meshs/trashcan.mat using Guid(a33d51cf45695ce4e862ea7fd9727a58) Importer(815301076,1909f56bfc062723c751e8b465ee728b)  -> (artifact id: 'cff592cde36481eee10a320b9be0c381') in 0.062354 seconds 
========================================================================
Received Import Request.
  Time since last request: 0.000073 seconds.
  path: Assets/POLYGON city pack/Meshes,textures/props_FBX/Materials/trash bin texture.mat
  artifactKey: Guid(f9cb6f94942f51443bc857f5980500ea) Importer(815301076,1909f56bfc062723c751e8b465ee728b)
Start importing Assets/POLYGON city pack/Meshes,textures/props_FBX/Materials/trash bin texture.mat using Guid(f9cb6f94942f51443bc857f5980500ea) Importer(815301076,1909f56bfc062723c751e8b465ee728b)  -> (artifact id: 'd81aa578f4ad7bfa0bea4b9a04308761') in 0.057928 seconds 
Editor requested this worker to shutdown with reason: Scaling down because of idle timeout
AssetImportWorker is now disconnected from the server
Process exiting
Exiting without the bug reporter. Application will terminate with return code 0